{"/home/usuario/practicas/p6/src/ejercicio1/combat.ts":{"path":"/home/usuario/practicas/p6/src/ejercicio1/combat.ts","statementMap":{"0":{"start":{"line":2,"column":0},"end":{"line":2,"column":62}},"1":{"start":{"line":3,"column":0},"end":{"line":3,"column":24}},"2":{"start":{"line":4,"column":18},"end":{"line":4,"column":38}},"3":{"start":{"line":15,"column":8},"end":{"line":15,"column":35}},"4":{"start":{"line":16,"column":8},"end":{"line":16,"column":35}},"5":{"start":{"line":17,"column":8},"end":{"line":17,"column":39}},"6":{"start":{"line":23,"column":8},"end":{"line":23,"column":31}},"7":{"start":{"line":24,"column":8},"end":{"line":25,"column":38}},"8":{"start":{"line":26,"column":23},"end":{"line":26,"column":24}},"9":{"start":{"line":27,"column":8},"end":{"line":45,"column":9}},"10":{"start":{"line":29,"column":12},"end":{"line":29,"column":59}},"11":{"start":{"line":30,"column":12},"end":{"line":39,"column":13}},"12":{"start":{"line":31,"column":16},"end":{"line":32,"column":75}},"13":{"start":{"line":33,"column":16},"end":{"line":33,"column":60}},"14":{"start":{"line":36,"column":16},"end":{"line":37,"column":75}},"15":{"start":{"line":38,"column":16},"end":{"line":38,"column":60}},"16":{"start":{"line":40,"column":12},"end":{"line":40,"column":23}},"17":{"start":{"line":41,"column":12},"end":{"line":44,"column":67}},"18":{"start":{"line":46,"column":8},"end":{"line":51,"column":9}},"19":{"start":{"line":47,"column":12},"end":{"line":47,"column":57}},"20":{"start":{"line":50,"column":12},"end":{"line":50,"column":57}},"21":{"start":{"line":58,"column":8},"end":{"line":58,"column":81}},"22":{"start":{"line":59,"column":8},"end":{"line":59,"column":81}},"23":{"start":{"line":71,"column":24},"end":{"line":71,"column":43}},"24":{"start":{"line":72,"column":24},"end":{"line":72,"column":43}},"25":{"start":{"line":73,"column":21},"end":{"line":73,"column":44}},"26":{"start":{"line":74,"column":22},"end":{"line":74,"column":42}},"27":{"start":{"line":75,"column":26},"end":{"line":75,"column":27}},"28":{"start":{"line":76,"column":8},"end":{"line":179,"column":9}},"29":{"start":{"line":77,"column":12},"end":{"line":134,"column":13}},"30":{"start":{"line":78,"column":28},"end":{"line":78,"column":43}},"31":{"start":{"line":79,"column":28},"end":{"line":79,"column":43}},"32":{"start":{"line":80,"column":16},"end":{"line":130,"column":17}},"33":{"start":{"line":81,"column":20},"end":{"line":81,"column":38}},"34":{"start":{"line":83,"column":21},"end":{"line":130,"column":17}},"35":{"start":{"line":84,"column":20},"end":{"line":94,"column":21}},"36":{"start":{"line":86,"column":28},"end":{"line":86,"column":44}},"37":{"start":{"line":87,"column":28},"end":{"line":87,"column":34}},"38":{"start":{"line":89,"column":28},"end":{"line":89,"column":44}},"39":{"start":{"line":90,"column":28},"end":{"line":90,"column":34}},"40":{"start":{"line":92,"column":28},"end":{"line":92,"column":46}},"41":{"start":{"line":93,"column":28},"end":{"line":93,"column":34}},"42":{"start":{"line":96,"column":21},"end":{"line":130,"column":17}},"43":{"start":{"line":97,"column":20},"end":{"line":105,"column":21}},"44":{"start":{"line":100,"column":28},"end":{"line":100,"column":46}},"45":{"start":{"line":101,"column":28},"end":{"line":101,"column":34}},"46":{"start":{"line":103,"column":28},"end":{"line":103,"column":44}},"47":{"start":{"line":104,"column":28},"end":{"line":104,"column":34}},"48":{"start":{"line":107,"column":21},"end":{"line":130,"column":17}},"49":{"start":{"line":108,"column":20},"end":{"line":116,"column":21}},"50":{"start":{"line":111,"column":28},"end":{"line":111,"column":44}},"51":{"start":{"line":112,"column":28},"end":{"line":112,"column":34}},"52":{"start":{"line":114,"column":28},"end":{"line":114,"column":44}},"53":{"start":{"line":115,"column":28},"end":{"line":115,"column":34}},"54":{"start":{"line":119,"column":20},"end":{"line":129,"column":21}},"55":{"start":{"line":121,"column":28},"end":{"line":121,"column":44}},"56":{"start":{"line":122,"column":28},"end":{"line":122,"column":34}},"57":{"start":{"line":124,"column":28},"end":{"line":124,"column":44}},"58":{"start":{"line":125,"column":28},"end":{"line":125,"column":34}},"59":{"start":{"line":127,"column":28},"end":{"line":127,"column":46}},"60":{"start":{"line":128,"column":28},"end":{"line":128,"column":34}},"61":{"start":{"line":133,"column":16},"end":{"line":133,"column":32}},"62":{"start":{"line":137,"column":12},"end":{"line":178,"column":13}},"63":{"start":{"line":138,"column":16},"end":{"line":148,"column":17}},"64":{"start":{"line":140,"column":24},"end":{"line":140,"column":42}},"65":{"start":{"line":141,"column":24},"end":{"line":141,"column":30}},"66":{"start":{"line":143,"column":24},"end":{"line":143,"column":42}},"67":{"start":{"line":144,"column":24},"end":{"line":144,"column":30}},"68":{"start":{"line":146,"column":24},"end":{"line":146,"column":40}},"69":{"start":{"line":147,"column":24},"end":{"line":147,"column":30}},"70":{"start":{"line":150,"column":17},"end":{"line":178,"column":13}},"71":{"start":{"line":151,"column":16},"end":{"line":151,"column":34}},"72":{"start":{"line":153,"column":17},"end":{"line":178,"column":13}},"73":{"start":{"line":154,"column":16},"end":{"line":164,"column":17}},"74":{"start":{"line":156,"column":24},"end":{"line":156,"column":42}},"75":{"start":{"line":157,"column":24},"end":{"line":157,"column":30}},"76":{"start":{"line":159,"column":24},"end":{"line":159,"column":40}},"77":{"start":{"line":160,"column":24},"end":{"line":160,"column":30}},"78":{"start":{"line":162,"column":24},"end":{"line":162,"column":40}},"79":{"start":{"line":163,"column":24},"end":{"line":163,"column":30}},"80":{"start":{"line":166,"column":17},"end":{"line":178,"column":13}},"81":{"start":{"line":167,"column":16},"end":{"line":177,"column":17}},"82":{"start":{"line":169,"column":24},"end":{"line":169,"column":42}},"83":{"start":{"line":170,"column":24},"end":{"line":170,"column":30}},"84":{"start":{"line":172,"column":24},"end":{"line":172,"column":40}},"85":{"start":{"line":173,"column":24},"end":{"line":173,"column":30}},"86":{"start":{"line":175,"column":24},"end":{"line":175,"column":40}},"87":{"start":{"line":176,"column":24},"end":{"line":176,"column":30}},"88":{"start":{"line":180,"column":21},"end":{"line":180,"column":58}},"89":{"start":{"line":181,"column":8},"end":{"line":181,"column":45}},"90":{"start":{"line":184,"column":0},"end":{"line":184,"column":24}}},"fnMap":{"0":{"name":"(anonymous_0)","decl":{"start":{"line":14,"column":4},"end":{"line":14,"column":5}},"loc":{"start":{"line":14,"column":38},"end":{"line":18,"column":5}},"line":14},"1":{"name":"(anonymous_1)","decl":{"start":{"line":22,"column":4},"end":{"line":22,"column":5}},"loc":{"start":{"line":22,"column":15},"end":{"line":52,"column":5}},"line":22},"2":{"name":"(anonymous_2)","decl":{"start":{"line":57,"column":4},"end":{"line":57,"column":5}},"loc":{"start":{"line":57,"column":22},"end":{"line":60,"column":5}},"line":57},"3":{"name":"(anonymous_3)","decl":{"start":{"line":70,"column":4},"end":{"line":70,"column":5}},"loc":{"start":{"line":70,"column":33},"end":{"line":182,"column":5}},"line":70}},"branchMap":{"0":{"loc":{"start":{"line":27,"column":15},"end":{"line":28,"column":47}},"type":"binary-expr","locations":[{"start":{"line":27,"column":16},"end":{"line":27,"column":49}},{"start":{"line":28,"column":13},"end":{"line":28,"column":46}}],"line":27},"1":{"loc":{"start":{"line":30,"column":12},"end":{"line":39,"column":13}},"type":"if","locations":[{"start":{"line":30,"column":12},"end":{"line":39,"column":13}},{"start":{"line":30,"column":12},"end":{"line":39,"column":13}}],"line":30},"2":{"loc":{"start":{"line":46,"column":8},"end":{"line":51,"column":9}},"type":"if","locations":[{"start":{"line":46,"column":8},"end":{"line":51,"column":9}},{"start":{"line":46,"column":8},"end":{"line":51,"column":9}}],"line":46},"3":{"loc":{"start":{"line":76,"column":8},"end":{"line":179,"column":9}},"type":"if","locations":[{"start":{"line":76,"column":8},"end":{"line":179,"column":9}},{"start":{"line":76,"column":8},"end":{"line":179,"column":9}}],"line":76},"4":{"loc":{"start":{"line":77,"column":12},"end":{"line":134,"column":13}},"type":"if","locations":[{"start":{"line":77,"column":12},"end":{"line":134,"column":13}},{"start":{"line":77,"column":12},"end":{"line":134,"column":13}}],"line":77},"5":{"loc":{"start":{"line":77,"column":16},"end":{"line":77,"column":92}},"type":"binary-expr","locations":[{"start":{"line":77,"column":17},"end":{"line":77,"column":51}},{"start":{"line":77,"column":57},"end":{"line":77,"column":91}}],"line":77},"6":{"loc":{"start":{"line":80,"column":16},"end":{"line":130,"column":17}},"type":"if","locations":[{"start":{"line":80,"column":16},"end":{"line":130,"column":17}},{"start":{"line":80,"column":16},"end":{"line":130,"column":17}}],"line":80},"7":{"loc":{"start":{"line":83,"column":21},"end":{"line":130,"column":17}},"type":"if","locations":[{"start":{"line":83,"column":21},"end":{"line":130,"column":17}},{"start":{"line":83,"column":21},"end":{"line":130,"column":17}}],"line":83},"8":{"loc":{"start":{"line":84,"column":20},"end":{"line":94,"column":21}},"type":"switch","locations":[{"start":{"line":85,"column":24},"end":{"line":87,"column":34}},{"start":{"line":88,"column":24},"end":{"line":90,"column":34}},{"start":{"line":91,"column":24},"end":{"line":93,"column":34}}],"line":84},"9":{"loc":{"start":{"line":96,"column":21},"end":{"line":130,"column":17}},"type":"if","locations":[{"start":{"line":96,"column":21},"end":{"line":130,"column":17}},{"start":{"line":96,"column":21},"end":{"line":130,"column":17}}],"line":96},"10":{"loc":{"start":{"line":97,"column":20},"end":{"line":105,"column":21}},"type":"switch","locations":[{"start":{"line":98,"column":24},"end":{"line":98,"column":40}},{"start":{"line":99,"column":24},"end":{"line":101,"column":34}},{"start":{"line":102,"column":24},"end":{"line":104,"column":34}}],"line":97},"11":{"loc":{"start":{"line":107,"column":21},"end":{"line":130,"column":17}},"type":"if","locations":[{"start":{"line":107,"column":21},"end":{"line":130,"column":17}},{"start":{"line":107,"column":21},"end":{"line":130,"column":17}}],"line":107},"12":{"loc":{"start":{"line":108,"column":20},"end":{"line":116,"column":21}},"type":"switch","locations":[{"start":{"line":109,"column":24},"end":{"line":109,"column":39}},{"start":{"line":110,"column":24},"end":{"line":112,"column":34}},{"start":{"line":113,"column":24},"end":{"line":115,"column":34}}],"line":108},"13":{"loc":{"start":{"line":119,"column":20},"end":{"line":129,"column":21}},"type":"switch","locations":[{"start":{"line":120,"column":24},"end":{"line":122,"column":34}},{"start":{"line":123,"column":24},"end":{"line":125,"column":34}},{"start":{"line":126,"column":24},"end":{"line":128,"column":34}}],"line":119},"14":{"loc":{"start":{"line":137,"column":12},"end":{"line":178,"column":13}},"type":"if","locations":[{"start":{"line":137,"column":12},"end":{"line":178,"column":13}},{"start":{"line":137,"column":12},"end":{"line":178,"column":13}}],"line":137},"15":{"loc":{"start":{"line":138,"column":16},"end":{"line":148,"column":17}},"type":"switch","locations":[{"start":{"line":139,"column":20},"end":{"line":141,"column":30}},{"start":{"line":142,"column":20},"end":{"line":144,"column":30}},{"start":{"line":145,"column":20},"end":{"line":147,"column":30}}],"line":138},"16":{"loc":{"start":{"line":150,"column":17},"end":{"line":178,"column":13}},"type":"if","locations":[{"start":{"line":150,"column":17},"end":{"line":178,"column":13}},{"start":{"line":150,"column":17},"end":{"line":178,"column":13}}],"line":150},"17":{"loc":{"start":{"line":153,"column":17},"end":{"line":178,"column":13}},"type":"if","locations":[{"start":{"line":153,"column":17},"end":{"line":178,"column":13}},{"start":{"line":153,"column":17},"end":{"line":178,"column":13}}],"line":153},"18":{"loc":{"start":{"line":154,"column":16},"end":{"line":164,"column":17}},"type":"switch","locations":[{"start":{"line":155,"column":20},"end":{"line":157,"column":30}},{"start":{"line":158,"column":20},"end":{"line":160,"column":30}},{"start":{"line":161,"column":20},"end":{"line":163,"column":30}}],"line":154},"19":{"loc":{"start":{"line":166,"column":17},"end":{"line":178,"column":13}},"type":"if","locations":[{"start":{"line":166,"column":17},"end":{"line":178,"column":13}},{"start":{"line":166,"column":17},"end":{"line":178,"column":13}}],"line":166},"20":{"loc":{"start":{"line":167,"column":16},"end":{"line":177,"column":17}},"type":"switch","locations":[{"start":{"line":168,"column":20},"end":{"line":170,"column":30}},{"start":{"line":171,"column":20},"end":{"line":173,"column":30}},{"start":{"line":174,"column":20},"end":{"line":176,"column":30}}],"line":167}},"s":{"0":1,"1":1,"2":1,"3":2,"4":2,"5":2,"6":2,"7":2,"8":2,"9":2,"10":4,"11":4,"12":2,"13":2,"14":2,"15":2,"16":4,"17":4,"18":2,"19":2,"20":0,"21":2,"22":2,"23":4,"24":4,"25":4,"26":4,"27":4,"28":4,"29":0,"30":0,"31":0,"32":0,"33":0,"34":0,"35":0,"36":0,"37":0,"38":0,"39":0,"40":0,"41":0,"42":0,"43":0,"44":0,"45":0,"46":0,"47":0,"48":0,"49":0,"50":0,"51":0,"52":0,"53":0,"54":0,"55":0,"56":0,"57":0,"58":0,"59":0,"60":0,"61":0,"62":4,"63":1,"64":1,"65":1,"66":0,"67":0,"68":0,"69":0,"70":3,"71":1,"72":2,"73":1,"74":0,"75":0,"76":0,"77":0,"78":1,"79":1,"80":1,"81":1,"82":0,"83":0,"84":0,"85":0,"86":1,"87":1,"88":4,"89":4,"90":1},"f":{"0":2,"1":2,"2":2,"3":4},"b":{"0":[6,4],"1":[2,2],"2":[2,0],"3":[0,4],"4":[0,0],"5":[0,0],"6":[0,0],"7":[0,0],"8":[0,0,0],"9":[0,0],"10":[0,0,0],"11":[0,0],"12":[0,0,0],"13":[0,0,0],"14":[1,3],"15":[1,0,0],"16":[1,2],"17":[1,1],"18":[0,0,1],"19":[1,0],"20":[0,0,1]},"inputSourceMap":{"version":3,"file":"/home/usuario/practicas/p6/src/ejercicio1/combat.ts","sources":["/home/usuario/practicas/p6/src/ejercicio1/combat.ts"],"names":[],"mappings":";;;AACA,uCAAkC;AAIlC;;GAEG;AACH,MAAa,MAAM;IAEjB;;;;OAIG;IACH,YAA4B,SAAkB,EAC5B,SAAkB;QADR,cAAS,GAAT,SAAS,CAAS;QAC5B,cAAS,GAAT,SAAS,CAAS;QAP5B,eAAU,GAAa,IAAI,KAAK,CAAC,CAAC,CAAC,CAAC;IAOL,CAAC;IACxC;;MAEE;IACF,QAAQ;QACN,IAAI,CAAC,eAAe,EAAE,CAAC;QACvB,OAAO,CAAC,GAAG,CAAC,aAAa,GAAG,IAAI,CAAC,SAAS,CAAC,OAAO,EAAE,GAAG,MAAM;YAC7D,IAAI,CAAC,SAAS,CAAC,OAAO,EAAE,CAAC,CAAC;QAC1B,IAAI,QAAQ,GAAW,CAAC,CAAC;QACzB,OAAO,CAAC,IAAI,CAAC,SAAS,CAAC,YAAY,EAAE,GAAG,CAAC,CAAC;YACxC,CAAC,IAAI,CAAC,SAAS,CAAC,YAAY,EAAE,GAAG,CAAC,CAAC,EAAE;YACrC,OAAO,CAAC,GAAG,CAAC,cAAc,GAAG,QAAQ,GAAG,KAAK,CAAC,CAAC;YAC/C,IAAI,CAAC,QAAQ,GAAG,CAAC,CAAC,IAAI,CAAC,EAAE;gBACvB,OAAO,CAAC,GAAG,CAAC,IAAI,CAAC,SAAS,CAAC,OAAO,EAAE,GAAG,aAAa;oBACpD,IAAI,CAAC,UAAU,CAAC,CAAC,CAAC,GAAG,KAAK,GAAG,IAAI,CAAC,SAAS,CAAC,OAAO,EAAE,CAAC,CAAC;gBACvD,IAAI,CAAC,SAAS,CAAC,QAAQ,CAAC,IAAI,CAAC,UAAU,CAAC,CAAC,CAAC,CAAC,CAAC;aAC7C;iBAAM;gBACL,OAAO,CAAC,GAAG,CAAC,IAAI,CAAC,SAAS,CAAC,OAAO,EAAE,GAAG,aAAa;oBACpD,IAAI,CAAC,UAAU,CAAC,CAAC,CAAC,GAAG,KAAK,GAAG,IAAI,CAAC,SAAS,CAAC,OAAO,EAAE,CAAC,CAAC;gBACvD,IAAI,CAAC,SAAS,CAAC,QAAQ,CAAC,IAAI,CAAC,UAAU,CAAC,CAAC,CAAC,CAAC,CAAC;aAC7C;YACD,QAAQ,EAAE,CAAC;YACX,OAAO,CAAC,GAAG,CAAC,IAAI,CAAC,SAAS,CAAC,OAAO,EAAE,GAAG,QAAQ;gBAC/C,CAAC,CAAC,IAAI,CAAC,SAAS,CAAC,YAAY,EAAE,CAAC,CAAC,OAAO,CAAC,CAAC,CAAC,GAAG,OAAO;gBACrD,IAAI,CAAC,SAAS,CAAC,OAAO,EAAE,GAAG,QAAQ;gBACnC,CAAC,CAAC,IAAI,CAAC,SAAS,CAAC,YAAY,EAAE,CAAC,CAAC,OAAO,CAAC,CAAC,CAAC,GAAG,GAAG,CAAC,CAAC;SACpD;QACD,IAAI,IAAI,CAAC,SAAS,CAAC,YAAY,EAAE,IAAI,CAAC,EAAE;YACtC,OAAO,CAAC,IAAI,CAAC,SAAS,CAAC,OAAO,EAAE,GAAG,QAAQ,CAAC,CAAC;SAC9C;aAAM;YACL,OAAO,CAAC,IAAI,CAAC,SAAS,CAAC,OAAO,EAAE,GAAG,QAAQ,CAAC,CAAC;SAC9C;IACH,CAAC;IACD;;;OAGG;IACH,eAAe;QACb,IAAI,CAAC,UAAU,CAAC,CAAC,CAAC,GAAG,IAAI,CAAC,cAAc,CAAC,IAAI,CAAC,SAAS,EAAE,IAAI,CAAC,SAAS,CAAC,CAAC;QACzE,IAAI,CAAC,UAAU,CAAC,CAAC,CAAC,GAAG,IAAI,CAAC,cAAc,CAAC,IAAI,CAAC,SAAS,EAAE,IAAI,CAAC,SAAS,CAAC,CAAC;IAC3E,CAAC;IACD;;;;;;;;OAQG;IACH,cAAc,CAAC,KAAc,EAAE,KAAc;QAC3C,IAAI,SAAS,GAAW,KAAK,CAAC,WAAW,EAAE,CAAC;QAC5C,IAAI,SAAS,GAAW,KAAK,CAAC,WAAW,EAAE,CAAC;QAC5C,IAAI,MAAM,GAAW,KAAK,CAAC,QAAQ,EAAE,CAAC,MAAM,CAAC;QAC7C,IAAI,OAAO,GAAW,KAAK,CAAC,QAAQ,EAAE,CAAC,GAAG,CAAC;QAC3C,IAAI,WAAW,GAAW,CAAC,CAAC,CAAC,qCAAqC;QAClE,IAAI,SAAS,KAAK,SAAS,EAAE;YAC3B,IAAI,CAAC,KAAK,YAAY,iBAAO,CAAC,IAAE,CAAC,KAAK,YAAY,iBAAO,CAAC,EAAE;gBAC1D,IAAI,KAAK,GAAG,KAAK,CAAC,OAAO,EAAE,CAAC;gBAC5B,IAAI,KAAK,GAAG,KAAK,CAAC,OAAO,EAAE,CAAC;gBAC5B,IAAI,KAAK,KAAK,KAAK,EAAE;oBACnB,WAAW,GAAG,GAAG,CAAC;iBACnB;qBAAM,IAAI,KAAK,KAAK,OAAO,EAAE;oBAC5B,QAAQ,KAAK,EAAE;wBACb,KAAK,QAAQ;4BACX,WAAW,GAAG,CAAC,CAAC;4BAChB,MAAM;wBACR,KAAK,WAAW;4BACd,WAAW,GAAG,CAAC,CAAC;4BAChB,MAAM;wBACR,KAAK,MAAM;4BACT,WAAW,GAAG,GAAG,CAAC;4BAClB,MAAM;qBACT;iBACF;qBAAM,IAAI,KAAK,KAAK,MAAM,EAAE;oBAC3B,QAAQ,KAAK,EAAE;wBACb,KAAK,CAAC,QAAQ,CAAC,CAAC;wBAChB,KAAK,CAAC,WAAW,CAAC;4BAChB,WAAW,GAAG,GAAG,CAAC;4BAClB,MAAM;wBACR,KAAK,OAAO;4BACV,WAAW,GAAG,CAAC,CAAC;4BAChB,MAAM;qBACT;iBACF;qBAAM,IAAI,KAAK,KAAK,WAAW,EAAE;oBAChC,QAAQ,KAAK,EAAE;wBACb,KAAK,CAAC,OAAO,CAAC,CAAC;wBACf,KAAK,CAAC,SAAS,CAAC;4BACd,WAAW,GAAG,CAAC,CAAC;4BAChB,MAAM;wBACR,KAAK,MAAM;4BACT,WAAW,GAAG,CAAC,CAAC;4BAChB,MAAM;qBACT;iBACF;qBAAM;oBACL,QAAQ,KAAK,EAAE;wBACb,KAAK,WAAW;4BACd,WAAW,GAAG,CAAC,CAAC;4BAChB,MAAM;wBACR,KAAK,MAAM;4BACT,WAAW,GAAG,CAAC,CAAC;4BAChB,MAAM;wBACR,KAAK,OAAO;4BACV,WAAW,GAAG,GAAG,CAAC;4BAClB,MAAM;qBACT;iBACF;aACF;iBAAM;gBACL,WAAW,GAAG,CAAC,CAAC;aACjB;SACF;aAAM;YACL,IAAI,SAAS,IAAI,SAAS,EAAE;gBAC1B,QAAQ,SAAS,EAAE;oBACjB,KAAK,aAAa;wBAChB,WAAW,GAAG,GAAG,CAAC;wBAClB,MAAM;oBACR,KAAK,WAAW;wBACd,WAAW,GAAG,GAAG,CAAC;wBAClB,MAAM;oBACR,KAAK,QAAQ;wBACX,WAAW,GAAG,CAAC,CAAC;wBAChB,MAAM;iBACT;aACF;iBAAM,IAAI,SAAS,IAAI,aAAa,EAAE;gBACrC,WAAW,GAAG,GAAG,CAAC;aACnB;iBAAM,IAAI,SAAS,IAAI,WAAW,EAAE;gBACnC,QAAQ,SAAS,EAAE;oBACjB,KAAK,aAAa;wBAChB,WAAW,GAAG,GAAG,CAAC;wBAClB,MAAM;oBACR,KAAK,SAAS;wBACZ,WAAW,GAAG,CAAC,CAAC;wBAChB,MAAM;oBACR,KAAK,QAAQ;wBACX,WAAW,GAAG,CAAC,CAAC;wBAChB,MAAM;iBACT;aACF;iBAAM,IAAI,SAAS,IAAI,QAAQ,EAAE;gBAChC,QAAQ,SAAS,EAAE;oBACjB,KAAK,aAAa;wBAChB,WAAW,GAAG,GAAG,CAAC;wBAClB,MAAM;oBACR,KAAK,SAAS;wBACZ,WAAW,GAAG,CAAC,CAAC;wBAChB,MAAM;oBACR,KAAK,WAAW;wBACd,WAAW,GAAG,CAAC,CAAC;wBAChB,MAAM;iBACT;aACF;SACF;QACD,IAAI,MAAM,GAAW,EAAE,GAAG,CAAC,MAAM,GAAC,OAAO,CAAC,GAAG,WAAW,CAAC;QACzD,OAAO,UAAU,CAAC,MAAM,CAAC,OAAO,CAAC,CAAC,CAAC,CAAC,CAAC;IACvC,CAAC;CACF;AAlKD,wBAkKC","sourcesContent":["import {Fighter} from './fighter';\nimport {Pokemon} from './pokemon';\nimport {DragonBall} from './dragonball';\nimport {Marvel} from './marvel';\nimport {StarWars} from './starwars';\n/**\n * Clase combate. Esta clase realiza el combate entre dos luchadores.\n */\nexport class Combat {\n  private datoAtaque: number[] = new Array(2);\n  /**\n   * Contructor de la clase Combate. Instancia un combate\n   * @param luchador1 Fighter 1\n   * @param luchador2 Fighter 2\n   */\n  constructor(public readonly luchador1: Fighter,\n    public readonly luchador2: Fighter) {}\n  /**\n   * Realiza el combate entre los luchadores\n  */\n  combatir() {\n    this.calcularAtaques();\n    console.log('COMBATE -> ' + this.luchador1.getName() + ' VS ' +\n    this.luchador2.getName());\n    let iterator: number = 1;\n    while ((this.luchador1.getHPCombate() > 0) &&\n      (this.luchador2.getHPCombate() > 0)) {\n      console.log(\"\\n -[ Ronda \" + iterator + \" ]-\");\n      if ((iterator % 2) == 0) {\n        console.log(this.luchador2.getName() + \" inflinje -\" +\n        this.datoAtaque[1] + \" a \" + this.luchador1.getName());\n        this.luchador1.restarHP(this.datoAtaque[1]);\n      } else {\n        console.log(this.luchador1.getName() + \" inflinje -\" +\n        this.datoAtaque[0] + \" a \" + this.luchador2.getName());\n        this.luchador2.restarHP(this.datoAtaque[0]);\n      }\n      iterator++;\n      console.log(this.luchador1.getName() + \" [HP: \" +\n      +(this.luchador1.getHPCombate()).toFixed(2) + \"] VS \" +\n      this.luchador2.getName() + \" [HP: \" +\n      +(this.luchador2.getHPCombate()).toFixed(2) + \"]\");\n    }\n    if (this.luchador1.getHPCombate() <= 0) {\n      return (this.luchador2.getName() + ' gana!');\n    } else {\n      return (this.luchador1.getName() + ' gana!');\n    }\n  }\n  /**\n   * Calcula el daño que hace un luchador al otro y viceversa.\n   * Guarda esos datos en un array datoAtaque.\n   */\n  calcularAtaques() {\n    this.datoAtaque[0] = this.calculoCombate(this.luchador1, this.luchador2);\n    this.datoAtaque[1] = this.calculoCombate(this.luchador2, this.luchador1);\n  }\n  /**\n   * Calcula el daño del ataque del pokemon 1 al pokemon 2 en funcion\n   * de sus tipos y estadísticas.\n   * @param tipo1 Tipo del pokemon 1\n   * @param tipo2 Tipo del pokemon 2\n   * @param ataque Ataque del pokemon 1\n   * @param defensa Defensa del pokemon 2\n   * @returns Daño inflingido del pokemon 1 al pokemon 2\n   */\n  calculoCombate(luch1: Fighter, luch2: Fighter): number {\n    let universo1: string = luch1.getUniverso();\n    let universo2: string = luch2.getUniverso();\n    let ataque: number = luch1.getStats().attack;\n    let defensa: number = luch2.getStats().def;\n    let efectividad: number = 0; // Variable de efectividad del ataque\n    if (universo1 === universo2) {\n      if ((luch1 instanceof Pokemon)&&(luch2 instanceof Pokemon)) {\n        let tipo1 = luch1.getType();\n        let tipo2 = luch2.getType();\n        if (tipo1 === tipo2) {\n          efectividad = 0.5;\n        } else if (tipo1 === 'Fuego') {\n          switch (tipo2) {\n            case 'Hierba':\n              efectividad = 2;\n              break;\n            case 'Electrico':\n              efectividad = 1;\n              break;\n            case 'Agua':\n              efectividad = 0.5;\n              break;\n          }\n        } else if (tipo1 === 'Agua') {\n          switch (tipo2) {\n            case ('Hierba'):\n            case ('Electrico'):\n              efectividad = 0.5;\n              break;\n            case 'Fuego':\n              efectividad = 2;\n              break;\n          }\n        } else if (tipo1 === 'Electrico') {\n          switch (tipo2) {\n            case ('Fuego'):\n            case ('Hierba)'):\n              efectividad = 1;\n              break;\n            case 'Agua':\n              efectividad = 2;\n              break;\n          }\n        } else {\n          switch (tipo2) {\n            case 'Electrico':\n              efectividad = 1;\n              break;\n            case 'Agua':\n              efectividad = 2;\n              break;\n            case 'Fuego':\n              efectividad = 0.5;\n              break;\n          }\n        }\n      } else {\n        efectividad = 1;\n      }\n    } else {\n      if (universo1 == 'Pokemon') {\n        switch (universo2) {\n          case 'Dragon Ball':\n            efectividad = 0.5;\n            break;\n          case 'Star Wars':\n            efectividad = 1.5;\n            break;\n          case 'Marvel':\n            efectividad = 1;\n            break;\n        }\n      } else if (universo1 == 'Dragon Ball') {\n        efectividad = 0.5;\n      } else if (universo1 == 'Star Wars') {\n        switch (universo2) {\n          case 'Dragon Ball':\n            efectividad = 0.5;\n            break;\n          case 'Pokemon':\n            efectividad = 1;\n            break;\n          case 'Marvel':\n            efectividad = 1;\n            break;\n        }\n      } else if (universo1 == 'Marvel') {\n        switch (universo2) {\n          case 'Dragon Ball':\n            efectividad = 0.5;\n            break;\n          case 'Pokemon':\n            efectividad = 1;\n            break;\n          case 'Star Wars':\n            efectividad = 1;\n            break;\n        }\n      }\n    }\n    let damage: number = 50 * (ataque/defensa) * efectividad;\n    return parseFloat(damage.toFixed(2));\n  }\n}"]},"_coverageSchema":"1a1c01bbd47fc00a2c39e90264f33305004495a9","hash":"726ec230d9281d5cd12a5488672320318c89198c","contentHash":"b75096a1ab1fd36a02b805d55020d53da28c3b80c43808b26ad4a8a0c53b5492"},"/home/usuario/practicas/p6/src/ejercicio1/pokemon.ts":{"path":"/home/usuario/practicas/p6/src/ejercicio1/pokemon.ts","statementMap":{"0":{"start":{"line":2,"column":0},"end":{"line":2,"column":62}},"1":{"start":{"line":3,"column":0},"end":{"line":3,"column":25}},"2":{"start":{"line":4,"column":18},"end":{"line":4,"column":38}},"3":{"start":{"line":18,"column":8},"end":{"line":18,"column":50}},"4":{"start":{"line":19,"column":8},"end":{"line":19,"column":25}},"5":{"start":{"line":20,"column":8},"end":{"line":20,"column":34}},"6":{"start":{"line":27,"column":8},"end":{"line":27,"column":29}},"7":{"start":{"line":34,"column":8},"end":{"line":34,"column":25}},"8":{"start":{"line":37,"column":0},"end":{"line":37,"column":26}}},"fnMap":{"0":{"name":"(anonymous_0)","decl":{"start":{"line":17,"column":4},"end":{"line":17,"column":5}},"loc":{"start":{"line":17,"column":58},"end":{"line":21,"column":5}},"line":17},"1":{"name":"(anonymous_1)","decl":{"start":{"line":26,"column":4},"end":{"line":26,"column":5}},"loc":{"start":{"line":26,"column":18},"end":{"line":28,"column":5}},"line":26},"2":{"name":"(anonymous_2)","decl":{"start":{"line":33,"column":4},"end":{"line":33,"column":5}},"loc":{"start":{"line":33,"column":14},"end":{"line":35,"column":5}},"line":33}},"branchMap":{},"s":{"0":1,"1":1,"2":1,"3":1,"4":1,"5":1,"6":3,"7":1,"8":1},"f":{"0":1,"1":3,"2":1},"b":{},"inputSourceMap":{"version":3,"file":"/home/usuario/practicas/p6/src/ejercicio1/pokemon.ts","sources":["/home/usuario/practicas/p6/src/ejercicio1/pokemon.ts"],"names":[],"mappings":";;;AAAA,uCAAyC;AACzC;;GAEG;AACH,MAAa,OAAQ,SAAQ,iBAAO;IAElC;;;;;;;OAOG;IACH,YAAY,IAAY,EAAmB,IAAY,EAAE,MAAc,EACnE,MAAc,EAAE,YAAmB;QACrC,KAAK,CAAC,IAAI,EAAE,MAAM,EAAE,MAAM,EAAE,YAAY,CAAC,CAAC;QAFD,SAAI,GAAJ,IAAI,CAAQ;QAT/C,aAAQ,GAAW,SAAS,CAAC;IAYrC,CAAC;IACD;;;OAGG;IACH,WAAW;QACT,OAAO,IAAI,CAAC,QAAQ,CAAC;IACvB,CAAC;IACD;;;OAGG;IACH,OAAO;QACL,OAAO,IAAI,CAAC,IAAI,CAAC;IACnB,CAAC;CACF;AA5BD,0BA4BC","sourcesContent":["import {Fighter, stats} from './fighter';\n/**\n * Clase para definir un Pokemon\n */\nexport class Pokemon extends Fighter {\n  private universo: string = 'Pokemon';\n  /**\n   * Constructor de la clase Pokemon\n   * @param name nombre del pokemon\n   * @param type tipo del pokemon\n   * @param weight peso del pokemon\n   * @param height altura del pokemon\n   * @param estadisticas Estadisticas del pokemon\n   */\n  constructor(name: string, private readonly type: string, weight: number,\n      height: number, estadisticas: stats) {\n    super(name, weight, height, estadisticas);\n  }\n  /**\n   * Getter -> Obtener universo al que pertenece el luchador (Pokemon)\n   * @returns universo\n   */\n  getUniverso() {\n    return this.universo;\n  }\n  /**\n   * Getter -> Obtener el type del pokemon\n   * @returns type\n   */\n  getType() {\n    return this.type;\n  }\n}"]},"_coverageSchema":"1a1c01bbd47fc00a2c39e90264f33305004495a9","hash":"b01656ec32968c547efeff7d7e1bb433cbc5691e","contentHash":"a6942e1ca94091331d006b95183ad10b66dfa6e2bd3885b9d766f27ecd49e601"},"/home/usuario/practicas/p6/src/ejercicio1/fighter.ts":{"path":"/home/usuario/practicas/p6/src/ejercicio1/fighter.ts","statementMap":{"0":{"start":{"line":2,"column":0},"end":{"line":2,"column":62}},"1":{"start":{"line":3,"column":0},"end":{"line":3,"column":25}},"2":{"start":{"line":16,"column":8},"end":{"line":16,"column":25}},"3":{"start":{"line":17,"column":8},"end":{"line":17,"column":29}},"4":{"start":{"line":18,"column":8},"end":{"line":18,"column":29}},"5":{"start":{"line":19,"column":8},"end":{"line":19,"column":41}},"6":{"start":{"line":20,"column":8},"end":{"line":20,"column":27}},"7":{"start":{"line":21,"column":8},"end":{"line":21,"column":44}},"8":{"start":{"line":28,"column":8},"end":{"line":28,"column":33}},"9":{"start":{"line":35,"column":8},"end":{"line":35,"column":25}},"10":{"start":{"line":42,"column":8},"end":{"line":42,"column":27}},"11":{"start":{"line":49,"column":8},"end":{"line":49,"column":27}},"12":{"start":{"line":56,"column":8},"end":{"line":56,"column":30}},"13":{"start":{"line":63,"column":8},"end":{"line":63,"column":33}},"14":{"start":{"line":66,"column":0},"end":{"line":66,"column":26}}},"fnMap":{"0":{"name":"(anonymous_0)","decl":{"start":{"line":15,"column":4},"end":{"line":15,"column":5}},"loc":{"start":{"line":15,"column":52},"end":{"line":22,"column":5}},"line":15},"1":{"name":"(anonymous_1)","decl":{"start":{"line":27,"column":4},"end":{"line":27,"column":5}},"loc":{"start":{"line":27,"column":21},"end":{"line":29,"column":5}},"line":27},"2":{"name":"(anonymous_2)","decl":{"start":{"line":34,"column":4},"end":{"line":34,"column":5}},"loc":{"start":{"line":34,"column":14},"end":{"line":36,"column":5}},"line":34},"3":{"name":"(anonymous_3)","decl":{"start":{"line":41,"column":4},"end":{"line":41,"column":5}},"loc":{"start":{"line":41,"column":16},"end":{"line":43,"column":5}},"line":41},"4":{"name":"(anonymous_4)","decl":{"start":{"line":48,"column":4},"end":{"line":48,"column":5}},"loc":{"start":{"line":48,"column":16},"end":{"line":50,"column":5}},"line":48},"5":{"name":"(anonymous_5)","decl":{"start":{"line":55,"column":4},"end":{"line":55,"column":5}},"loc":{"start":{"line":55,"column":19},"end":{"line":57,"column":5}},"line":55},"6":{"name":"(anonymous_6)","decl":{"start":{"line":62,"column":4},"end":{"line":62,"column":5}},"loc":{"start":{"line":62,"column":15},"end":{"line":64,"column":5}},"line":62}},"branchMap":{},"s":{"0":1,"1":1,"2":4,"3":4,"4":4,"5":4,"6":4,"7":4,"8":4,"9":22,"10":0,"11":0,"12":20,"13":12,"14":1},"f":{"0":4,"1":4,"2":22,"3":0,"4":0,"5":20,"6":12},"b":{},"inputSourceMap":{"version":3,"file":"/home/usuario/practicas/p6/src/ejercicio1/fighter.ts","sources":["/home/usuario/practicas/p6/src/ejercicio1/fighter.ts"],"names":[],"mappings":";;;AAUE;;GAEG;AACH,MAAsB,OAAO;IAE3B;;;;;;OAMG;IACH,YAA6B,IAAY,EAAmB,MAAc,EACvD,MAAc,EAAmB,YAAmB;QAD1C,SAAI,GAAJ,IAAI,CAAQ;QAAmB,WAAM,GAAN,MAAM,CAAQ;QACvD,WAAM,GAAN,MAAM,CAAQ;QAAmB,iBAAY,GAAZ,YAAY,CAAO;QAT/D,cAAS,GAAW,CAAC,CAAC;QAU5B,IAAI,CAAC,SAAS,GAAG,YAAY,CAAC,KAAK,CAAC;IACtC,CAAC;IACD;;;OAGG;IACH,QAAQ,CAAC,MAAc;QACrB,IAAI,CAAC,SAAS,IAAI,MAAM,CAAC;IAC3B,CAAC;IACD;;;OAGG;IACH,OAAO;QACL,OAAO,IAAI,CAAC,IAAI,CAAC;IACnB,CAAC;IACD;;;OAGG;IACH,SAAS;QACP,OAAO,IAAI,CAAC,MAAM,CAAC;IACrB,CAAC;IACD;;;OAGG;IACH,SAAS;QACP,OAAO,IAAI,CAAC,MAAM,CAAC;IACrB,CAAC;IACD;;;OAGG;IACH,YAAY;QACV,OAAO,IAAI,CAAC,SAAS,CAAC;IACxB,CAAC;IACD;;;OAGG;IACH,QAAQ;QACN,OAAO,IAAI,CAAC,YAAY,CAAC;IAC3B,CAAC;CAKF;AA3DD,0BA2DC","sourcesContent":["/**\n * Tipo de dato que contiene las estadisticas del luchador\n */\n export type stats = {\n    hpMax: number,\n    attack: number,\n    def: number,\n    speed: number\n  }\n  \n  /**\n   * Clase abstracta para definir a los luchadores\n   */\n  export abstract class Fighter {\n    private hpCombate: number = 0;\n    /**\n     * Constructor de la clase Fighter\n     * @param name nombre del luchador\n     * @param weight peso del luchador\n     * @param height altura del luchador\n     * @param estadisticas Array con las estadisticas (hp, attk, def, speed)\n     */\n    constructor(private readonly name: string, private readonly weight: number,\n      private readonly height: number, private readonly estadisticas: stats) {\n      this.hpCombate = estadisticas.hpMax;\n    }\n    /**\n     * Resta el daño recibido a la salud actual\n     * @param damage Daño recibido\n     */\n    restarHP(damage: number) {\n      this.hpCombate -= damage;\n    }\n    /**\n     * Getter para el nomnbre\n     * @returns name\n     */\n    getName() {\n      return this.name;\n    }\n    /**\n     * Getter para el weight\n     * @returns weight\n     */\n    getWeight() {\n      return this.weight;\n    }\n    /**\n     * Getter para la height\n     * @returns height\n     */\n    getHeight() {\n      return this.height;\n    }\n    /**\n     * Getter hp del combate\n     * @returns hpCombate\n     */\n    getHPCombate() {\n      return this.hpCombate;\n    }\n    /**\n     * Getter para el array de estadisticas\n     * @returns estadisticas\n     */\n    getStats() {\n      return this.estadisticas;\n    }\n    /**\n     * Getter para obtener el universo de donde viene el luchador\n     */\n    abstract getUniverso(): string;\n  }"]},"_coverageSchema":"1a1c01bbd47fc00a2c39e90264f33305004495a9","hash":"98b678be8c2cb1425d901a1eadabdeb1a0f41cfc","contentHash":"56f88e3f5cfe5e8fea7ceebe2ddf985074b77f712b55ba2c6a545c4e5525fd59"},"/home/usuario/practicas/p6/src/ejercicio1/marvel.ts":{"path":"/home/usuario/practicas/p6/src/ejercicio1/marvel.ts","statementMap":{"0":{"start":{"line":2,"column":0},"end":{"line":2,"column":62}},"1":{"start":{"line":3,"column":0},"end":{"line":3,"column":24}},"2":{"start":{"line":4,"column":18},"end":{"line":4,"column":38}},"3":{"start":{"line":17,"column":8},"end":{"line":17,"column":50}},"4":{"start":{"line":18,"column":8},"end":{"line":18,"column":33}},"5":{"start":{"line":25,"column":8},"end":{"line":25,"column":29}},"6":{"start":{"line":28,"column":0},"end":{"line":28,"column":24}}},"fnMap":{"0":{"name":"(anonymous_0)","decl":{"start":{"line":16,"column":4},"end":{"line":16,"column":5}},"loc":{"start":{"line":16,"column":52},"end":{"line":19,"column":5}},"line":16},"1":{"name":"(anonymous_1)","decl":{"start":{"line":24,"column":4},"end":{"line":24,"column":5}},"loc":{"start":{"line":24,"column":18},"end":{"line":26,"column":5}},"line":24}},"branchMap":{},"s":{"0":1,"1":1,"2":1,"3":1,"4":1,"5":3,"6":1},"f":{"0":1,"1":3},"b":{},"inputSourceMap":{"version":3,"file":"/home/usuario/practicas/p6/src/ejercicio1/marvel.ts","sources":["/home/usuario/practicas/p6/src/ejercicio1/marvel.ts"],"names":[],"mappings":";;;AAAA,uCAAyC;AACzC;;GAEG;AACH,MAAa,MAAO,SAAQ,iBAAO;IAEjC;;;;;;OAMG;IACH,YAAY,IAAY,EAAE,MAAc,EACpC,MAAc,EAAE,YAAmB;QACrC,KAAK,CAAC,IAAI,EAAE,MAAM,EAAE,MAAM,EAAE,YAAY,CAAC,CAAC;QAVpC,aAAQ,GAAW,QAAQ,CAAC;IAWpC,CAAC;IACD;;;OAGG;IACH,WAAW;QACT,OAAO,IAAI,CAAC,QAAQ,CAAC;IACvB,CAAC;CACF;AApBD,wBAoBC","sourcesContent":["import {Fighter, stats} from './fighter';\n/**\n * Clase para definir un Marvel\n */\nexport class Marvel extends Fighter {\n  private universo: string = 'Marvel';\n  /**\n   * Constructor de la clase Marvel\n   * @param name name del personaje de Marvel\n   * @param weight peso del personaje de Marvel\n   * @param height altura del personaje de Marvel\n   * @param estadisticas Estadisticas del personaje de Marvel\n   */\n  constructor(name: string, weight: number,\n      height: number, estadisticas: stats) {\n    super(name, weight, height, estadisticas);\n  }\n  /**\n   * Getter -> Obtener universo al que pertenece el luchador (Marvel)\n   * @returns universo\n   */\n  getUniverso() {\n    return this.universo;\n  }\n}"]},"_coverageSchema":"1a1c01bbd47fc00a2c39e90264f33305004495a9","hash":"44e4ba1451bbdc3757e872a8d83b2e5be50922f2","contentHash":"93aa8fd6cb6e1288e7eed3db53e81cfbfa28ce4f82a8dcb7d4f6f99499fc2d1d"},"/home/usuario/practicas/p6/src/ejercicio1/dragonball.ts":{"path":"/home/usuario/practicas/p6/src/ejercicio1/dragonball.ts","statementMap":{"0":{"start":{"line":2,"column":0},"end":{"line":2,"column":62}},"1":{"start":{"line":3,"column":0},"end":{"line":3,"column":28}},"2":{"start":{"line":4,"column":18},"end":{"line":4,"column":38}},"3":{"start":{"line":17,"column":8},"end":{"line":17,"column":50}},"4":{"start":{"line":18,"column":8},"end":{"line":18,"column":38}},"5":{"start":{"line":25,"column":8},"end":{"line":25,"column":29}},"6":{"start":{"line":28,"column":0},"end":{"line":28,"column":32}}},"fnMap":{"0":{"name":"(anonymous_0)","decl":{"start":{"line":16,"column":4},"end":{"line":16,"column":5}},"loc":{"start":{"line":16,"column":52},"end":{"line":19,"column":5}},"line":16},"1":{"name":"(anonymous_1)","decl":{"start":{"line":24,"column":4},"end":{"line":24,"column":5}},"loc":{"start":{"line":24,"column":18},"end":{"line":26,"column":5}},"line":24}},"branchMap":{},"s":{"0":1,"1":1,"2":1,"3":1,"4":1,"5":3,"6":1},"f":{"0":1,"1":3},"b":{},"inputSourceMap":{"version":3,"file":"/home/usuario/practicas/p6/src/ejercicio1/dragonball.ts","sources":["/home/usuario/practicas/p6/src/ejercicio1/dragonball.ts"],"names":[],"mappings":";;;AAAA,uCAAyC;AACzC;;GAEG;AACH,MAAa,UAAW,SAAQ,iBAAO;IAErC;;;;;;OAMG;IACH,YAAY,IAAY,EAAE,MAAc,EACpC,MAAc,EAAE,YAAmB;QACrC,KAAK,CAAC,IAAI,EAAE,MAAM,EAAE,MAAM,EAAE,YAAY,CAAC,CAAC;QAVpC,aAAQ,GAAW,aAAa,CAAC;IAWzC,CAAC;IACD;;;OAGG;IACH,WAAW;QACT,OAAO,IAAI,CAAC,QAAQ,CAAC;IACvB,CAAC;CACF;AApBD,gCAoBC","sourcesContent":["import {Fighter, stats} from './fighter';\n/**\n * Clase para definir un personaje de Dragon Ball\n */\nexport class DragonBall extends Fighter {\n  private universo: string = 'Dragon Ball';\n  /**\n   * Constructor de la clase Dragon Ball\n   * @param name name del personaje de Dragon Ball\n   * @param weight peso del personaje de Dragon Ball\n   * @param height altura del personaje de  Dragon Ball\n   * @param estadisticas Estadisticas personaje de del Dragon Ball\n   */\n  constructor(name: string, weight: number,\n      height: number, estadisticas: stats) {\n    super(name, weight, height, estadisticas);\n  }\n  /**\n   * Getter -> Obtener universo al que pertenece el luchador (Dragon Ball)\n   * @returns universo\n   */\n  getUniverso() {\n    return this.universo;\n  }\n}"]},"_coverageSchema":"1a1c01bbd47fc00a2c39e90264f33305004495a9","hash":"37f97c1e96ac5aca9670e05ae403275ab34c8e82","contentHash":"254e586eb309b0df722b4afe7860206a74acc045389dadc58147348469066959"},"/home/usuario/practicas/p6/src/ejercicio1/starwars.ts":{"path":"/home/usuario/practicas/p6/src/ejercicio1/starwars.ts","statementMap":{"0":{"start":{"line":2,"column":0},"end":{"line":2,"column":62}},"1":{"start":{"line":3,"column":0},"end":{"line":3,"column":26}},"2":{"start":{"line":4,"column":18},"end":{"line":4,"column":38}},"3":{"start":{"line":17,"column":8},"end":{"line":17,"column":50}},"4":{"start":{"line":18,"column":8},"end":{"line":18,"column":36}},"5":{"start":{"line":25,"column":8},"end":{"line":25,"column":29}},"6":{"start":{"line":28,"column":0},"end":{"line":28,"column":28}}},"fnMap":{"0":{"name":"(anonymous_0)","decl":{"start":{"line":16,"column":4},"end":{"line":16,"column":5}},"loc":{"start":{"line":16,"column":52},"end":{"line":19,"column":5}},"line":16},"1":{"name":"(anonymous_1)","decl":{"start":{"line":24,"column":4},"end":{"line":24,"column":5}},"loc":{"start":{"line":24,"column":18},"end":{"line":26,"column":5}},"line":24}},"branchMap":{},"s":{"0":1,"1":1,"2":1,"3":1,"4":1,"5":3,"6":1},"f":{"0":1,"1":3},"b":{},"inputSourceMap":{"version":3,"file":"/home/usuario/practicas/p6/src/ejercicio1/starwars.ts","sources":["/home/usuario/practicas/p6/src/ejercicio1/starwars.ts"],"names":[],"mappings":";;;AAAA,uCAAyC;AACzC;;GAEG;AACH,MAAa,QAAS,SAAQ,iBAAO;IAEnC;;;;;;OAMG;IACH,YAAY,IAAY,EAAE,MAAc,EACpC,MAAc,EAAE,YAAmB;QACrC,KAAK,CAAC,IAAI,EAAE,MAAM,EAAE,MAAM,EAAE,YAAY,CAAC,CAAC;QAVpC,aAAQ,GAAW,WAAW,CAAC;IAWvC,CAAC;IACD;;;OAGG;IACH,WAAW;QACT,OAAO,IAAI,CAAC,QAAQ,CAAC;IACvB,CAAC;CACF;AApBD,4BAoBC","sourcesContent":["import {Fighter, stats} from './fighter';\n/**\n * Clase para definir un personaje de Star Wars\n */\nexport class StarWars extends Fighter {\n  private universo: string = 'Star Wars';\n  /**\n   * Constructor de la clase Star Wars\n   * @param name nombre del personaje de Star Wars\n   * @param weight peso del personaje de Star Wars\n   * @param height altura del personaje de  Star Wars\n   * @param estadisticas Estadisticas personaje de del Star Wars\n   */\n  constructor(name: string, weight: number,\n      height: number, estadisticas: stats) {\n    super(name, weight, height, estadisticas);\n  }\n  /**\n   * Getter -> Obtener universo al que pertenece el luchador (Star Wars)\n   * @returns universo\n   */\n  getUniverso() {\n    return this.universo;\n  }\n}"]},"_coverageSchema":"1a1c01bbd47fc00a2c39e90264f33305004495a9","hash":"ac87f09f8843c2ef4de61589652cf813f10a991c","contentHash":"597a2f3f4723169570033a34cb90eca27b99bb88bab36410716575fe12f0a93c"},"/home/usuario/practicas/p6/src/ejercicio1/fighterdex.ts":{"path":"/home/usuario/practicas/p6/src/ejercicio1/fighterdex.ts","statementMap":{"0":{"start":{"line":2,"column":0},"end":{"line":2,"column":62}},"1":{"start":{"line":3,"column":0},"end":{"line":3,"column":28}},"2":{"start":{"line":13,"column":8},"end":{"line":13,"column":33}},"3":{"start":{"line":21,"column":8},"end":{"line":21,"column":37}},"4":{"start":{"line":28,"column":18},"end":{"line":28,"column":20}},"5":{"start":{"line":29,"column":8},"end":{"line":33,"column":11}},"6":{"start":{"line":30,"column":12},"end":{"line":32,"column":13}},"7":{"start":{"line":31,"column":16},"end":{"line":31,"column":50}},"8":{"start":{"line":34,"column":8},"end":{"line":39,"column":9}},"9":{"start":{"line":35,"column":12},"end":{"line":35,"column":70}},"10":{"start":{"line":38,"column":12},"end":{"line":38,"column":41}},"11":{"start":{"line":47,"column":8},"end":{"line":47,"column":36}},"12":{"start":{"line":55,"column":18},"end":{"line":55,"column":20}},"13":{"start":{"line":56,"column":8},"end":{"line":60,"column":11}},"14":{"start":{"line":57,"column":12},"end":{"line":59,"column":13}},"15":{"start":{"line":58,"column":16},"end":{"line":58,"column":50}},"16":{"start":{"line":61,"column":8},"end":{"line":66,"column":9}},"17":{"start":{"line":62,"column":12},"end":{"line":62,"column":24}},"18":{"start":{"line":65,"column":12},"end":{"line":65,"column":38}},"19":{"start":{"line":69,"column":0},"end":{"line":69,"column":32}}},"fnMap":{"0":{"name":"(anonymous_0)","decl":{"start":{"line":12,"column":4},"end":{"line":12,"column":5}},"loc":{"start":{"line":12,"column":26},"end":{"line":14,"column":5}},"line":12},"1":{"name":"(anonymous_1)","decl":{"start":{"line":20,"column":4},"end":{"line":20,"column":5}},"loc":{"start":{"line":20,"column":25},"end":{"line":22,"column":5}},"line":20},"2":{"name":"(anonymous_2)","decl":{"start":{"line":27,"column":4},"end":{"line":27,"column":5}},"loc":{"start":{"line":27,"column":25},"end":{"line":40,"column":5}},"line":27},"3":{"name":"(anonymous_3)","decl":{"start":{"line":29,"column":30},"end":{"line":29,"column":31}},"loc":{"start":{"line":29,"column":40},"end":{"line":33,"column":9}},"line":29},"4":{"name":"(anonymous_4)","decl":{"start":{"line":46,"column":4},"end":{"line":46,"column":5}},"loc":{"start":{"line":46,"column":21},"end":{"line":48,"column":5}},"line":46},"5":{"name":"(anonymous_5)","decl":{"start":{"line":54,"column":4},"end":{"line":54,"column":5}},"loc":{"start":{"line":54,"column":29},"end":{"line":67,"column":5}},"line":54},"6":{"name":"(anonymous_6)","decl":{"start":{"line":56,"column":30},"end":{"line":56,"column":31}},"loc":{"start":{"line":56,"column":40},"end":{"line":60,"column":9}},"line":56}},"branchMap":{"0":{"loc":{"start":{"line":30,"column":12},"end":{"line":32,"column":13}},"type":"if","locations":[{"start":{"line":30,"column":12},"end":{"line":32,"column":13}},{"start":{"line":30,"column":12},"end":{"line":32,"column":13}}],"line":30},"1":{"loc":{"start":{"line":34,"column":8},"end":{"line":39,"column":9}},"type":"if","locations":[{"start":{"line":34,"column":8},"end":{"line":39,"column":9}},{"start":{"line":34,"column":8},"end":{"line":39,"column":9}}],"line":34},"2":{"loc":{"start":{"line":57,"column":12},"end":{"line":59,"column":13}},"type":"if","locations":[{"start":{"line":57,"column":12},"end":{"line":59,"column":13}},{"start":{"line":57,"column":12},"end":{"line":59,"column":13}}],"line":57},"3":{"loc":{"start":{"line":61,"column":8},"end":{"line":66,"column":9}},"type":"if","locations":[{"start":{"line":61,"column":8},"end":{"line":66,"column":9}},{"start":{"line":61,"column":8},"end":{"line":66,"column":9}}],"line":61}},"s":{"0":1,"1":1,"2":1,"3":3,"4":1,"5":1,"6":3,"7":1,"8":1,"9":0,"10":1,"11":3,"12":2,"13":2,"14":6,"15":1,"16":2,"17":1,"18":1,"19":1},"f":{"0":1,"1":3,"2":1,"3":3,"4":3,"5":2,"6":6},"b":{"0":[1,2],"1":[0,1],"2":[1,5],"3":[1,1]},"inputSourceMap":{"version":3,"file":"/home/usuario/practicas/p6/src/ejercicio1/fighterdex.ts","sources":["/home/usuario/practicas/p6/src/ejercicio1/fighterdex.ts"],"names":[],"mappings":";;;AACA;;GAEG;AACH,MAAa,UAAU;IACrB;;;OAGG;IACH,YAAoB,QAAmB;QAAnB,aAAQ,GAAR,QAAQ,CAAW;IAAG,CAAC;IAAA,CAAC;IAC5C;;;OAGG;IACI,UAAU,CAAC,QAAiB;QACjC,IAAI,CAAC,QAAQ,CAAC,IAAI,CAAC,QAAQ,CAAC,CAAC;IAC/B,CAAC;IACD;;;OAGG;IACI,UAAU,CAAC,QAAiB;QACjC,IAAI,GAAG,GAAW,CAAC,CAAC,CAAC;QACrB,IAAI,CAAC,QAAQ,CAAC,OAAO,CAAC,CAAC,IAAI,EAAE,EAAE;YAC7B,IAAI,IAAI,KAAK,QAAQ,EAAE;gBACrB,GAAG,GAAG,IAAI,CAAC,QAAQ,CAAC,OAAO,CAAC,IAAI,CAAC,CAAC;aACnC;QACH,CAAC,CAAC,CAAC;QACH,IAAI,GAAG,IAAI,CAAC,CAAC,EAAE;YACb,OAAO,CAAC,GAAG,CAAC,4CAA4C,CAAC,CAAC;SAC3D;aAAM;YACL,IAAI,CAAC,QAAQ,CAAC,MAAM,CAAC,GAAG,EAAE,CAAC,CAAC,CAAC;SAC9B;IACH,CAAC;IAAA,CAAC;IACF;;;OAGG;IACI,cAAc;QACnB,OAAO,IAAI,CAAC,QAAQ,CAAC,MAAM,CAAC;IAC9B,CAAC;IACD;;;;OAIG;IACI,cAAc,CAAC,QAAiB;QACrC,IAAI,GAAG,GAAW,CAAC,CAAC,CAAC;QACrB,IAAI,CAAC,QAAQ,CAAC,OAAO,CAAC,CAAC,IAAI,EAAE,EAAE;YAC7B,IAAI,IAAI,KAAK,QAAQ,EAAE;gBACrB,GAAG,GAAG,IAAI,CAAC,QAAQ,CAAC,OAAO,CAAC,IAAI,CAAC,CAAC;aACnC;QACH,CAAC,CAAC,CAAC;QACH,IAAI,GAAG,IAAI,CAAC,CAAC,EAAE;YACb,OAAO,IAAI,CAAC;SACb;aAAM;YACL,OAAO,IAAI,CAAC,QAAQ,CAAC,GAAG,CAAC,CAAC;SAC3B;IACH,CAAC;CACF;AAvDD,gCAuDC;AAAA,CAAC","sourcesContent":["import {Fighter} from './fighter';\n/**\n * Clase que aloja una database con luchadores\n */\nexport class Fighterdex {\n  /**\n   * Constructor de la clase\n   * @param dataBase Array con los luchadores\n   */\n  constructor(private dataBase: Fighter[]) {};\n  /**\n   * Permite añadir luchadores\n   * @param luchador Luchador a añadir\n   */\n  public addFighter(luchador: Fighter) {\n    this.dataBase.push(luchador);\n  }\n  /**\n   * Permite eliminar luchador\n   * @param luchador Luchador a eliminar\n   */\n  public delFighter(luchador: Fighter) {\n    let pos: number = -1;\n    this.dataBase.forEach((iter) => {\n      if (iter === luchador) {\n        pos = this.dataBase.indexOf(iter);\n      }\n    });\n    if (pos == -1) {\n      console.log('Imposible eliminar. Luchador no encontrado');\n    } else {\n      this.dataBase.splice(pos, 1);\n    }\n  };\n  /**\n   * Tamaño de la base de datos\n   * @returns size database\n   */\n  public fighterdexSize(): number {\n    return this.dataBase.length;\n  }\n  /**\n   * Permite buscar un luchador\n   * @param luchador Luchador a buscar\n   * @returns Posicion en la database. Null is no es encontrado\n   */\n  public buscarLuchador(luchador: Fighter) {\n    let pos: number = -1;\n    this.dataBase.forEach((iter) => {\n      if (iter === luchador) {\n        pos = this.dataBase.indexOf(iter);\n      }\n    });\n    if (pos == -1) {\n      return null;\n    } else {\n      return this.dataBase[pos];\n    }\n  }\n};"]},"_coverageSchema":"1a1c01bbd47fc00a2c39e90264f33305004495a9","hash":"adef7841a8c00a1640425a7da54d9ba233c05373","contentHash":"7934ff5e1af784b5c84bff0be98254bde75e56719ab985fbd952686273c64652"},"/home/usuario/practicas/p6/src/ejercicio2/documental.ts":{"path":"/home/usuario/practicas/p6/src/ejercicio2/documental.ts","statementMap":{"0":{"start":{"line":2,"column":0},"end":{"line":2,"column":62}},"1":{"start":{"line":3,"column":0},"end":{"line":3,"column":30}},"2":{"start":{"line":4,"column":36},"end":{"line":4,"column":74}},"3":{"start":{"line":14,"column":8},"end":{"line":14,"column":28}},"4":{"start":{"line":15,"column":8},"end":{"line":15,"column":41}},"5":{"start":{"line":22,"column":8},"end":{"line":22,"column":33}},"6":{"start":{"line":31,"column":24},"end":{"line":31,"column":26}},"7":{"start":{"line":32,"column":8},"end":{"line":47,"column":9}},"8":{"start":{"line":34,"column":16},"end":{"line":34,"column":82}},"9":{"start":{"line":34,"column":63},"end":{"line":34,"column":79}},"10":{"start":{"line":35,"column":16},"end":{"line":35,"column":22}},"11":{"start":{"line":37,"column":16},"end":{"line":37,"column":82}},"12":{"start":{"line":37,"column":63},"end":{"line":37,"column":79}},"13":{"start":{"line":38,"column":16},"end":{"line":38,"column":22}},"14":{"start":{"line":40,"column":16},"end":{"line":40,"column":82}},"15":{"start":{"line":40,"column":63},"end":{"line":40,"column":79}},"16":{"start":{"line":41,"column":16},"end":{"line":41,"column":22}},"17":{"start":{"line":43,"column":16},"end":{"line":43,"column":86}},"18":{"start":{"line":43,"column":63},"end":{"line":43,"column":83}},"19":{"start":{"line":44,"column":16},"end":{"line":44,"column":22}},"20":{"start":{"line":46,"column":16},"end":{"line":46,"column":69}},"21":{"start":{"line":48,"column":8},"end":{"line":48,"column":25}},"22":{"start":{"line":51,"column":0},"end":{"line":51,"column":36}}},"fnMap":{"0":{"name":"(anonymous_0)","decl":{"start":{"line":13,"column":4},"end":{"line":13,"column":5}},"loc":{"start":{"line":13,"column":30},"end":{"line":16,"column":5}},"line":13},"1":{"name":"(anonymous_1)","decl":{"start":{"line":21,"column":4},"end":{"line":21,"column":5}},"loc":{"start":{"line":21,"column":19},"end":{"line":23,"column":5}},"line":21},"2":{"name":"(anonymous_2)","decl":{"start":{"line":30,"column":4},"end":{"line":30,"column":5}},"loc":{"start":{"line":30,"column":29},"end":{"line":49,"column":5}},"line":30},"3":{"name":"(anonymous_3)","decl":{"start":{"line":34,"column":55},"end":{"line":34,"column":56}},"loc":{"start":{"line":34,"column":63},"end":{"line":34,"column":79}},"line":34},"4":{"name":"(anonymous_4)","decl":{"start":{"line":37,"column":55},"end":{"line":37,"column":56}},"loc":{"start":{"line":37,"column":63},"end":{"line":37,"column":79}},"line":37},"5":{"name":"(anonymous_5)","decl":{"start":{"line":40,"column":55},"end":{"line":40,"column":56}},"loc":{"start":{"line":40,"column":63},"end":{"line":40,"column":79}},"line":40},"6":{"name":"(anonymous_6)","decl":{"start":{"line":43,"column":55},"end":{"line":43,"column":56}},"loc":{"start":{"line":43,"column":63},"end":{"line":43,"column":83}},"line":43}},"branchMap":{"0":{"loc":{"start":{"line":32,"column":8},"end":{"line":47,"column":9}},"type":"switch","locations":[{"start":{"line":33,"column":12},"end":{"line":35,"column":22}},{"start":{"line":36,"column":12},"end":{"line":38,"column":22}},{"start":{"line":39,"column":12},"end":{"line":41,"column":22}},{"start":{"line":42,"column":12},"end":{"line":44,"column":22}},{"start":{"line":45,"column":12},"end":{"line":46,"column":69}}],"line":32}},"s":{"0":1,"1":1,"2":1,"3":1,"4":1,"5":4,"6":4,"7":4,"8":1,"9":1,"10":1,"11":1,"12":1,"13":1,"14":1,"15":1,"16":1,"17":1,"18":1,"19":1,"20":0,"21":4,"22":1},"f":{"0":1,"1":4,"2":4,"3":1,"4":1,"5":1,"6":1},"b":{"0":[1,1,1,1,0]},"inputSourceMap":{"version":3,"file":"/home/usuario/practicas/p6/src/ejercicio2/documental.ts","sources":["/home/usuario/practicas/p6/src/ejercicio2/documental.ts"],"names":[],"mappings":";;;AAAA,2EAAsE;AAUtE;;KAEK;AACL,MAAa,YAAa,SAAQ,qDAAqC;IACrE;;;OAGG;IACH,YAAoB,YAA0B;QAC5C,KAAK,CAAC,YAAY,CAAC,CAAC;QADF,iBAAY,GAAZ,YAAY,CAAc;IAE9C,CAAC;IACD;;;OAGG;IACH,YAAY;QACV,OAAO,IAAI,CAAC,YAAY,CAAC;IAC3B,CAAC;IACD;;;;;OAKG;IACH,MAAM,CAAC,SAAiB,EAAE,KAAa;QACrC,IAAI,SAAS,GAAiB,EAAE,CAAC;QACjC,QAAQ,SAAS,EAAE;YACjB,KAAK,CAAC,OAAO,CAAC;gBACZ,SAAS,GAAG,IAAI,CAAC,YAAY,EAAE,CAAC,MAAM,CAAC,CAAC,CAAC,EAAE,EAAE,CAAC,CAAC,CAAC,CAAC,KAAK,IAAI,KAAK,CAAC,CAAC,CAAC;gBAClE,MAAM;YACR,KAAK,CAAC,MAAM,CAAC;gBACX,SAAS,GAAG,IAAI,CAAC,YAAY,EAAE,CAAC,MAAM,CAAC,CAAC,CAAC,EAAE,EAAE,CAAC,CAAC,CAAC,CAAC,IAAI,IAAI,CAAC,KAAK,CAAC,CAAC,CAAC;gBAClE,MAAM;YACR,KAAK,CAAC,OAAO,CAAC;gBACZ,SAAS,GAAG,IAAI,CAAC,YAAY,EAAE,CAAC,MAAM,CAAC,CAAC,CAAC,EAAE,EAAE,CAAC,CAAC,CAAC,CAAC,KAAK,IAAI,KAAK,CAAC,CAAC,CAAC;gBAClE,MAAM;YACR,KAAK,CAAC,UAAU,CAAC;gBACf,SAAS,GAAG,IAAI,CAAC,YAAY,EAAE,CAAC,MAAM,CAAC,CAAC,CAAC,EAAE,EAAE,CAC3C,CAAC,CAAC,CAAC,QAAQ,IAAI,CAAC,KAAK,CAAC,CAAC,CAAC;gBAC1B,MAAM;YACR;gBACE,OAAO,CAAC,GAAG,CAAC,uCAAuC,CAAC,CAAC;SACxD;QACD,OAAO,SAAS,CAAC;IACnB,CAAC;CACF;AA1CD,oCA0CC","sourcesContent":["import {BasicStreamableCollection} from './basicstreamablecollection';\n/**\n * Tipo de dato que contiene los datos de una serie\n */\nexport type documental = {\n  title: string;\n  year: number;\n  genre: string;\n  duration: number;\n}\n/**\n * Clase para representar a las documentales\n * */\nexport class Documentales extends BasicStreamableCollection<documental> {\n  /**\n   * Constructor de la clase que representa documentales\n   * @param documentales Lista de documentales\n   */\n  constructor(private documentales: documental[]) {\n    super(documentales);\n  }\n  /**\n   * Getter para el array de documentales\n   * @returns Array de documentales\n   */\n  getElementos() {\n    return this.documentales;\n  }\n  /**\n   * Funcion para buscar una serie en base a un parametro\n   * @param parametro Parametro a buscar: title, year, etc.\n   * @param valor Valor de ese parametro\n   * @returns Array con las documentales que coinciden\n   */\n  buscar(parametro: string, valor: string): documental[] {\n    let resultado: documental[] = [];\n    switch (parametro) {\n      case ('title'):\n        resultado = this.getElementos().filter((x) => (x.title == valor));\n        break;\n      case ('year'):\n        resultado = this.getElementos().filter((x) => (x.year == +valor));\n        break;\n      case ('genre'):\n        resultado = this.getElementos().filter((x) => (x.genre == valor));\n        break;\n      case ('duration'):\n        resultado = this.getElementos().filter((x) =>\n          (x.duration == +valor));\n        break;\n      default:\n        console.log('Lo sentimos, no hemos encontrado nada');\n    }\n    return resultado;\n  }\n}"]},"_coverageSchema":"1a1c01bbd47fc00a2c39e90264f33305004495a9","hash":"4e3dc6c12d52efdb0b69fbadd808fcc381ca03f0","contentHash":"6c538195a78f9cac6b24da2e6702422b301823c7db6b94be832b58fae76e6620"},"/home/usuario/practicas/p6/src/ejercicio2/basicstreamablecollection.ts":{"path":"/home/usuario/practicas/p6/src/ejercicio2/basicstreamablecollection.ts","statementMap":{"0":{"start":{"line":2,"column":0},"end":{"line":2,"column":62}},"1":{"start":{"line":3,"column":0},"end":{"line":3,"column":43}},"2":{"start":{"line":13,"column":8},"end":{"line":13,"column":27}},"3":{"start":{"line":21,"column":8},"end":{"line":21,"column":39}},"4":{"start":{"line":24,"column":0},"end":{"line":24,"column":62}}},"fnMap":{"0":{"name":"(anonymous_0)","decl":{"start":{"line":12,"column":4},"end":{"line":12,"column":5}},"loc":{"start":{"line":12,"column":23},"end":{"line":14,"column":5}},"line":12},"1":{"name":"(anonymous_1)","decl":{"start":{"line":20,"column":4},"end":{"line":20,"column":5}},"loc":{"start":{"line":20,"column":30},"end":{"line":22,"column":5}},"line":20}},"branchMap":{},"s":{"0":1,"1":1,"2":3,"3":1,"4":1},"f":{"0":3,"1":1},"b":{},"inputSourceMap":{"version":3,"file":"/home/usuario/practicas/p6/src/ejercicio2/basicstreamablecollection.ts","sources":["/home/usuario/practicas/p6/src/ejercicio2/basicstreamablecollection.ts"],"names":[],"mappings":";;;AACA;;GAEG;AACH,MAAsB,yBAAyB;IAE7C;;;OAGG;IACH,YAAsB,KAAU;QAAV,UAAK,GAAL,KAAK,CAAK;IAAG,CAAC;IAAA,CAAC;IACrC;;;OAGG;IACH,UAAU,CAAC,aAAgB;QACzB,IAAI,CAAC,KAAK,CAAC,IAAI,CAAC,aAAa,CAAC,CAAC;IACjC,CAAC;CAaF;AA1BD,8DA0BC","sourcesContent":["import {StremeableSearch} from './streamablesearch';\n/**\n * Clase que define una coleccion stremeable y con posibilidad de busqueda\n */\nexport abstract class BasicStreamableCollection<T> implements\n  StremeableSearch<T> {\n  /**\n   * Constructor de la clase\n   * @param lista Lista que compone la coleccion\n   */\n  constructor(protected lista: T[]) {};\n  /**\n   * Metodo para añadir elemento a la coleccion\n   * @param nuevoElemento Elemento a añadir\n   */\n  addElement(nuevoElemento: T) {\n    this.lista.push(nuevoElemento);\n  }\n  /**\n   * Getter. Debería devolver la lista de la coleccion\n   */\n  abstract getElementos(): T[];\n\n  /**\n   * Metodo de busqueda. Debería buscar los elementos de la coleccion que\n   * tengan el valor buscado dentro de una categoria\n   * @param parametro Categoria a buscar\n   * @param valor Valor a buscar\n   */\n  abstract buscar(parametro: string, valor: string): T[];\n}"]},"_coverageSchema":"1a1c01bbd47fc00a2c39e90264f33305004495a9","hash":"0c70081f6d8d582a346598b261130a9b63fb013d","contentHash":"b132d4aa6efc2cd1955b58767dfb1bb6c675aeae6b78f4414e5c1bee840c2392"},"/home/usuario/practicas/p6/src/ejercicio2/pelicula.ts":{"path":"/home/usuario/practicas/p6/src/ejercicio2/pelicula.ts","statementMap":{"0":{"start":{"line":2,"column":0},"end":{"line":2,"column":62}},"1":{"start":{"line":3,"column":0},"end":{"line":3,"column":27}},"2":{"start":{"line":4,"column":36},"end":{"line":4,"column":74}},"3":{"start":{"line":14,"column":8},"end":{"line":14,"column":25}},"4":{"start":{"line":15,"column":8},"end":{"line":15,"column":35}},"5":{"start":{"line":22,"column":8},"end":{"line":22,"column":30}},"6":{"start":{"line":31,"column":24},"end":{"line":31,"column":26}},"7":{"start":{"line":32,"column":8},"end":{"line":47,"column":9}},"8":{"start":{"line":34,"column":16},"end":{"line":34,"column":82}},"9":{"start":{"line":34,"column":63},"end":{"line":34,"column":79}},"10":{"start":{"line":35,"column":16},"end":{"line":35,"column":22}},"11":{"start":{"line":37,"column":16},"end":{"line":37,"column":82}},"12":{"start":{"line":37,"column":63},"end":{"line":37,"column":79}},"13":{"start":{"line":38,"column":16},"end":{"line":38,"column":22}},"14":{"start":{"line":40,"column":16},"end":{"line":40,"column":82}},"15":{"start":{"line":40,"column":63},"end":{"line":40,"column":79}},"16":{"start":{"line":41,"column":16},"end":{"line":41,"column":22}},"17":{"start":{"line":43,"column":16},"end":{"line":43,"column":85}},"18":{"start":{"line":43,"column":63},"end":{"line":43,"column":82}},"19":{"start":{"line":44,"column":16},"end":{"line":44,"column":22}},"20":{"start":{"line":46,"column":16},"end":{"line":46,"column":69}},"21":{"start":{"line":48,"column":8},"end":{"line":48,"column":25}},"22":{"start":{"line":51,"column":0},"end":{"line":51,"column":30}}},"fnMap":{"0":{"name":"(anonymous_0)","decl":{"start":{"line":13,"column":4},"end":{"line":13,"column":5}},"loc":{"start":{"line":13,"column":27},"end":{"line":16,"column":5}},"line":13},"1":{"name":"(anonymous_1)","decl":{"start":{"line":21,"column":4},"end":{"line":21,"column":5}},"loc":{"start":{"line":21,"column":19},"end":{"line":23,"column":5}},"line":21},"2":{"name":"(anonymous_2)","decl":{"start":{"line":30,"column":4},"end":{"line":30,"column":5}},"loc":{"start":{"line":30,"column":29},"end":{"line":49,"column":5}},"line":30},"3":{"name":"(anonymous_3)","decl":{"start":{"line":34,"column":55},"end":{"line":34,"column":56}},"loc":{"start":{"line":34,"column":63},"end":{"line":34,"column":79}},"line":34},"4":{"name":"(anonymous_4)","decl":{"start":{"line":37,"column":55},"end":{"line":37,"column":56}},"loc":{"start":{"line":37,"column":63},"end":{"line":37,"column":79}},"line":37},"5":{"name":"(anonymous_5)","decl":{"start":{"line":40,"column":55},"end":{"line":40,"column":56}},"loc":{"start":{"line":40,"column":63},"end":{"line":40,"column":79}},"line":40},"6":{"name":"(anonymous_6)","decl":{"start":{"line":43,"column":55},"end":{"line":43,"column":56}},"loc":{"start":{"line":43,"column":63},"end":{"line":43,"column":82}},"line":43}},"branchMap":{"0":{"loc":{"start":{"line":32,"column":8},"end":{"line":47,"column":9}},"type":"switch","locations":[{"start":{"line":33,"column":12},"end":{"line":35,"column":22}},{"start":{"line":36,"column":12},"end":{"line":38,"column":22}},{"start":{"line":39,"column":12},"end":{"line":41,"column":22}},{"start":{"line":42,"column":12},"end":{"line":44,"column":22}},{"start":{"line":45,"column":12},"end":{"line":46,"column":69}}],"line":32}},"s":{"0":1,"1":1,"2":1,"3":1,"4":1,"5":5,"6":5,"7":5,"8":1,"9":2,"10":1,"11":1,"12":2,"13":1,"14":1,"15":2,"16":1,"17":1,"18":2,"19":1,"20":1,"21":5,"22":1},"f":{"0":1,"1":5,"2":5,"3":2,"4":2,"5":2,"6":2},"b":{"0":[1,1,1,1,1]},"inputSourceMap":{"version":3,"file":"/home/usuario/practicas/p6/src/ejercicio2/pelicula.ts","sources":["/home/usuario/practicas/p6/src/ejercicio2/pelicula.ts"],"names":[],"mappings":";;;AAAA,2EAAsE;AAUtE;;KAEK;AACL,MAAa,SAAU,SAAQ,qDAAmC;IAChE;;;OAGG;IACH,YAAoB,SAAqB;QACvC,KAAK,CAAC,SAAS,CAAC,CAAC;QADC,cAAS,GAAT,SAAS,CAAY;IAEzC,CAAC;IACD;;;OAGG;IACH,YAAY;QACV,OAAO,IAAI,CAAC,SAAS,CAAC;IACxB,CAAC;IACD;;;;;OAKG;IACH,MAAM,CAAC,SAAiB,EAAE,KAAa;QACrC,IAAI,SAAS,GAAe,EAAE,CAAC;QAC/B,QAAQ,SAAS,EAAE;YACjB,KAAK,CAAC,OAAO,CAAC;gBACZ,SAAS,GAAG,IAAI,CAAC,YAAY,EAAE,CAAC,MAAM,CAAC,CAAC,CAAC,EAAE,EAAE,CAAC,CAAC,CAAC,CAAC,KAAK,IAAI,KAAK,CAAC,CAAC,CAAC;gBAClE,MAAM;YACR,KAAK,CAAC,MAAM,CAAC;gBACX,SAAS,GAAG,IAAI,CAAC,YAAY,EAAE,CAAC,MAAM,CAAC,CAAC,CAAC,EAAE,EAAE,CAAC,CAAC,CAAC,CAAC,IAAI,IAAI,CAAC,KAAK,CAAC,CAAC,CAAC;gBAClE,MAAM;YACR,KAAK,CAAC,OAAO,CAAC;gBACZ,SAAS,GAAG,IAAI,CAAC,YAAY,EAAE,CAAC,MAAM,CAAC,CAAC,CAAC,EAAE,EAAE,CAAC,CAAC,CAAC,CAAC,KAAK,IAAI,KAAK,CAAC,CAAC,CAAC;gBAClE,MAAM;YACR,KAAK,CAAC,SAAS,CAAC;gBACd,SAAS,GAAG,IAAI,CAAC,YAAY,EAAE,CAAC,MAAM,CAAC,CAAC,CAAC,EAAE,EAAE,CAC3C,CAAC,CAAC,CAAC,OAAO,IAAI,CAAC,KAAK,CAAC,CAAC,CAAC;gBACzB,MAAM;YACR;gBACE,OAAO,CAAC,GAAG,CAAC,uCAAuC,CAAC,CAAC;SACxD;QACD,OAAO,SAAS,CAAC;IACnB,CAAC;CACF;AA1CD,8BA0CC","sourcesContent":["import {BasicStreamableCollection} from './basicstreamablecollection';\n/**\n * Tipo de dato que contiene los datos de una serie\n */\nexport type pelicula = {\n  title: string;\n  year: number;\n  genre: string;\n  reviews: number;\n}\n/**\n * Clase para representar a las peliculas\n * */\nexport class Peliculas extends BasicStreamableCollection<pelicula> {\n  /**\n   * Constructor de la clase que representa peliculas\n   * @param peliculas Lista de peliculas\n   */\n  constructor(private peliculas: pelicula[]) {\n    super(peliculas);\n  }\n  /**\n   * Getter para el array de peliculas\n   * @returns Array de peliculas\n   */\n  getElementos() {\n    return this.peliculas;\n  }\n  /**\n   * Funcion para buscar una serie en base a un parametro\n   * @param parametro Parametro a buscar: title, year, etc.\n   * @param valor Valor de ese parametro\n   * @returns Array con las peliculas que coinciden\n   */\n  buscar(parametro: string, valor: string): pelicula[] {\n    let resultado: pelicula[] = [];\n    switch (parametro) {\n      case ('title'):\n        resultado = this.getElementos().filter((x) => (x.title == valor));\n        break;\n      case ('year'):\n        resultado = this.getElementos().filter((x) => (x.year == +valor));\n        break;\n      case ('genre'):\n        resultado = this.getElementos().filter((x) => (x.genre == valor));\n        break;\n      case ('reviews'):\n        resultado = this.getElementos().filter((x) =>\n          (x.reviews == +valor));\n        break;\n      default:\n        console.log('Lo sentimos, no hemos encontrado nada');\n    }\n    return resultado;\n  }\n}"]},"_coverageSchema":"1a1c01bbd47fc00a2c39e90264f33305004495a9","hash":"433a51c5bf2276ce477a5f4d3ae34c669bdfe792","contentHash":"79bef5b23c1576ce18632e255fa502d99903d4234399523efb5882dca9a41c09"},"/home/usuario/practicas/p6/src/ejercicio2/serie.ts":{"path":"/home/usuario/practicas/p6/src/ejercicio2/serie.ts","statementMap":{"0":{"start":{"line":2,"column":0},"end":{"line":2,"column":62}},"1":{"start":{"line":3,"column":0},"end":{"line":3,"column":24}},"2":{"start":{"line":4,"column":36},"end":{"line":4,"column":74}},"3":{"start":{"line":14,"column":8},"end":{"line":14,"column":22}},"4":{"start":{"line":15,"column":8},"end":{"line":15,"column":29}},"5":{"start":{"line":22,"column":8},"end":{"line":22,"column":27}},"6":{"start":{"line":31,"column":24},"end":{"line":31,"column":26}},"7":{"start":{"line":32,"column":8},"end":{"line":50,"column":9}},"8":{"start":{"line":34,"column":16},"end":{"line":34,"column":82}},"9":{"start":{"line":34,"column":63},"end":{"line":34,"column":79}},"10":{"start":{"line":35,"column":16},"end":{"line":35,"column":22}},"11":{"start":{"line":37,"column":16},"end":{"line":37,"column":82}},"12":{"start":{"line":37,"column":63},"end":{"line":37,"column":79}},"13":{"start":{"line":38,"column":16},"end":{"line":38,"column":22}},"14":{"start":{"line":40,"column":16},"end":{"line":40,"column":84}},"15":{"start":{"line":40,"column":63},"end":{"line":40,"column":81}},"16":{"start":{"line":41,"column":16},"end":{"line":41,"column":22}},"17":{"start":{"line":43,"column":16},"end":{"line":43,"column":82}},"18":{"start":{"line":43,"column":63},"end":{"line":43,"column":79}},"19":{"start":{"line":44,"column":16},"end":{"line":44,"column":22}},"20":{"start":{"line":46,"column":16},"end":{"line":46,"column":85}},"21":{"start":{"line":46,"column":63},"end":{"line":46,"column":82}},"22":{"start":{"line":47,"column":16},"end":{"line":47,"column":22}},"23":{"start":{"line":49,"column":16},"end":{"line":49,"column":69}},"24":{"start":{"line":51,"column":8},"end":{"line":51,"column":25}},"25":{"start":{"line":54,"column":0},"end":{"line":54,"column":24}}},"fnMap":{"0":{"name":"(anonymous_0)","decl":{"start":{"line":13,"column":4},"end":{"line":13,"column":5}},"loc":{"start":{"line":13,"column":24},"end":{"line":16,"column":5}},"line":13},"1":{"name":"(anonymous_1)","decl":{"start":{"line":21,"column":4},"end":{"line":21,"column":5}},"loc":{"start":{"line":21,"column":19},"end":{"line":23,"column":5}},"line":21},"2":{"name":"(anonymous_2)","decl":{"start":{"line":30,"column":4},"end":{"line":30,"column":5}},"loc":{"start":{"line":30,"column":29},"end":{"line":52,"column":5}},"line":30},"3":{"name":"(anonymous_3)","decl":{"start":{"line":34,"column":55},"end":{"line":34,"column":56}},"loc":{"start":{"line":34,"column":63},"end":{"line":34,"column":79}},"line":34},"4":{"name":"(anonymous_4)","decl":{"start":{"line":37,"column":55},"end":{"line":37,"column":56}},"loc":{"start":{"line":37,"column":63},"end":{"line":37,"column":79}},"line":37},"5":{"name":"(anonymous_5)","decl":{"start":{"line":40,"column":55},"end":{"line":40,"column":56}},"loc":{"start":{"line":40,"column":63},"end":{"line":40,"column":81}},"line":40},"6":{"name":"(anonymous_6)","decl":{"start":{"line":43,"column":55},"end":{"line":43,"column":56}},"loc":{"start":{"line":43,"column":63},"end":{"line":43,"column":79}},"line":43},"7":{"name":"(anonymous_7)","decl":{"start":{"line":46,"column":55},"end":{"line":46,"column":56}},"loc":{"start":{"line":46,"column":63},"end":{"line":46,"column":82}},"line":46}},"branchMap":{"0":{"loc":{"start":{"line":32,"column":8},"end":{"line":50,"column":9}},"type":"switch","locations":[{"start":{"line":33,"column":12},"end":{"line":35,"column":22}},{"start":{"line":36,"column":12},"end":{"line":38,"column":22}},{"start":{"line":39,"column":12},"end":{"line":41,"column":22}},{"start":{"line":42,"column":12},"end":{"line":44,"column":22}},{"start":{"line":45,"column":12},"end":{"line":47,"column":22}},{"start":{"line":48,"column":12},"end":{"line":49,"column":69}}],"line":32}},"s":{"0":1,"1":1,"2":1,"3":1,"4":1,"5":5,"6":5,"7":5,"8":1,"9":2,"10":1,"11":1,"12":2,"13":1,"14":1,"15":2,"16":1,"17":1,"18":2,"19":1,"20":1,"21":2,"22":1,"23":0,"24":5,"25":1},"f":{"0":1,"1":5,"2":5,"3":2,"4":2,"5":2,"6":2,"7":2},"b":{"0":[1,1,1,1,1,0]},"inputSourceMap":{"version":3,"file":"/home/usuario/practicas/p6/src/ejercicio2/serie.ts","sources":["/home/usuario/practicas/p6/src/ejercicio2/serie.ts"],"names":[],"mappings":";;;AAAA,2EAAsE;AAWtE;;KAEK;AACL,MAAa,MAAO,SAAQ,qDAAgC;IAC1D;;;OAGG;IACH,YAAoB,MAAe;QACjC,KAAK,CAAC,MAAM,CAAC,CAAC;QADI,WAAM,GAAN,MAAM,CAAS;IAEnC,CAAC;IACD;;;OAGG;IACH,YAAY;QACV,OAAO,IAAI,CAAC,MAAM,CAAC;IACrB,CAAC;IACD;;;;;OAKG;IACH,MAAM,CAAC,SAAiB,EAAE,KAAa;QACrC,IAAI,SAAS,GAAY,EAAE,CAAC;QAC5B,QAAQ,SAAS,EAAE;YACjB,KAAK,CAAC,OAAO,CAAC;gBACZ,SAAS,GAAG,IAAI,CAAC,YAAY,EAAE,CAAC,MAAM,CAAC,CAAC,CAAC,EAAE,EAAE,CAAC,CAAC,CAAC,CAAC,KAAK,IAAI,KAAK,CAAC,CAAC,CAAC;gBAClE,MAAM;YACR,KAAK,CAAC,MAAM,CAAC;gBACX,SAAS,GAAG,IAAI,CAAC,YAAY,EAAE,CAAC,MAAM,CAAC,CAAC,CAAC,EAAE,EAAE,CAAC,CAAC,CAAC,CAAC,IAAI,IAAI,CAAC,KAAK,CAAC,CAAC,CAAC;gBAClE,MAAM;YACR,KAAK,CAAC,QAAQ,CAAC;gBACb,SAAS,GAAG,IAAI,CAAC,YAAY,EAAE,CAAC,MAAM,CAAC,CAAC,CAAC,EAAE,EAAE,CAAC,CAAC,CAAC,CAAC,MAAM,IAAI,CAAC,KAAK,CAAC,CAAC,CAAC;gBACpE,MAAM;YACR,KAAK,CAAC,OAAO,CAAC;gBACZ,SAAS,GAAG,IAAI,CAAC,YAAY,EAAE,CAAC,MAAM,CAAC,CAAC,CAAC,EAAE,EAAE,CAAC,CAAC,CAAC,CAAC,KAAK,IAAI,KAAK,CAAC,CAAC,CAAC;gBAClE,MAAM;YACR,KAAK,CAAC,SAAS,CAAC;gBACd,SAAS,GAAG,IAAI,CAAC,YAAY,EAAE,CAAC,MAAM,CAAC,CAAC,CAAC,EAAE,EAAE,CAC3C,CAAC,CAAC,CAAC,OAAO,IAAI,CAAC,KAAK,CAAC,CAAC,CAAC;gBACzB,MAAM;YACR;gBACE,OAAO,CAAC,GAAG,CAAC,uCAAuC,CAAC,CAAC;SACxD;QACD,OAAO,SAAS,CAAC;IACnB,CAAC;CACF;AA7CD,wBA6CC","sourcesContent":["import {BasicStreamableCollection} from './basicstreamablecollection';\n/**\n * Tipo de dato que contiene los datos de una serie\n */\nexport type serie = {\n  title: string;\n  year: number;\n  season: number;\n  genre: string;\n  reviews: number;\n}\n/**\n * Clase para representar a las series\n * */\nexport class Series extends BasicStreamableCollection<serie> {\n  /**\n   * Constructor de la clase que representa Series\n   * @param series Lista de series\n   */\n  constructor(private series: serie[]) {\n    super(series);\n  }\n  /**\n   * Getter para el array de series\n   * @returns Array de series\n   */\n  getElementos() {\n    return this.series;\n  }\n  /**\n   * Funcion para buscar una serie en base a un parametro\n   * @param parametro Parametro a buscar: title, year, etc.\n   * @param valor Valor de ese parametro\n   * @returns Array con las series que coinciden\n   */\n  buscar(parametro: string, valor: string): serie[] {\n    let resultado: serie[] = [];\n    switch (parametro) {\n      case ('title'):\n        resultado = this.getElementos().filter((x) => (x.title == valor));\n        break;\n      case ('year'):\n        resultado = this.getElementos().filter((x) => (x.year == +valor));\n        break;\n      case ('season'):\n        resultado = this.getElementos().filter((x) => (x.season == +valor));\n        break;\n      case ('genre'):\n        resultado = this.getElementos().filter((x) => (x.genre == valor));\n        break;\n      case ('reviews'):\n        resultado = this.getElementos().filter((x) =>\n          (x.reviews == +valor));\n        break;\n      default:\n        console.log('Lo sentimos, no hemos encontrado nada');\n    }\n    return resultado;\n  }\n}"]},"_coverageSchema":"1a1c01bbd47fc00a2c39e90264f33305004495a9","hash":"ad5979bafaa6f46164d7d8f76afbfdcd88d31d28","contentHash":"b82fa1b40fccc46bde1b2b7e2b9695503793f7542256fbf02a1aee7f7e522e01"},"/home/usuario/practicas/p6/src/PE103-07-04/pokemonmaker.ts":{"path":"/home/usuario/practicas/p6/src/PE103-07-04/pokemonmaker.ts","statementMap":{"0":{"start":{"line":2,"column":0},"end":{"line":2,"column":62}},"1":{"start":{"line":3,"column":0},"end":{"line":3,"column":30}},"2":{"start":{"line":4,"column":22},"end":{"line":4,"column":46}},"3":{"start":{"line":5,"column":23},"end":{"line":5,"column":48}},"4":{"start":{"line":6,"column":26},"end":{"line":6,"column":54}},"5":{"start":{"line":7,"column":23},"end":{"line":7,"column":48}},"6":{"start":{"line":8,"column":18},"end":{"line":8,"column":38}},"7":{"start":{"line":18,"column":8},"end":{"line":18,"column":20}},"8":{"start":{"line":19,"column":8},"end":{"line":19,"column":24}},"9":{"start":{"line":20,"column":8},"end":{"line":20,"column":24}},"10":{"start":{"line":21,"column":8},"end":{"line":21,"column":24}},"11":{"start":{"line":22,"column":8},"end":{"line":22,"column":26}},"12":{"start":{"line":23,"column":8},"end":{"line":23,"column":22}},"13":{"start":{"line":24,"column":8},"end":{"line":24,"column":16}},"14":{"start":{"line":25,"column":8},"end":{"line":25,"column":16}},"15":{"start":{"line":26,"column":8},"end":{"line":26,"column":25}},"16":{"start":{"line":27,"column":8},"end":{"line":27,"column":29}},"17":{"start":{"line":28,"column":8},"end":{"line":28,"column":29}},"18":{"start":{"line":29,"column":8},"end":{"line":29,"column":29}},"19":{"start":{"line":30,"column":8},"end":{"line":30,"column":31}},"20":{"start":{"line":31,"column":8},"end":{"line":31,"column":27}},"21":{"start":{"line":32,"column":8},"end":{"line":32,"column":21}},"22":{"start":{"line":39,"column":8},"end":{"line":39,"column":130}},"23":{"start":{"line":46,"column":8},"end":{"line":46,"column":132}},"24":{"start":{"line":53,"column":8},"end":{"line":53,"column":138}},"25":{"start":{"line":60,"column":8},"end":{"line":60,"column":132}},"26":{"start":{"line":63,"column":0},"end":{"line":63,"column":36}}},"fnMap":{"0":{"name":"(anonymous_0)","decl":{"start":{"line":17,"column":4},"end":{"line":17,"column":5}},"loc":{"start":{"line":17,"column":66},"end":{"line":33,"column":5}},"line":17},"1":{"name":"(anonymous_1)","decl":{"start":{"line":38,"column":4},"end":{"line":38,"column":5}},"loc":{"start":{"line":38,"column":21},"end":{"line":40,"column":5}},"line":38},"2":{"name":"(anonymous_2)","decl":{"start":{"line":45,"column":4},"end":{"line":45,"column":5}},"loc":{"start":{"line":45,"column":22},"end":{"line":47,"column":5}},"line":45},"3":{"name":"(anonymous_3)","decl":{"start":{"line":52,"column":4},"end":{"line":52,"column":5}},"loc":{"start":{"line":52,"column":25},"end":{"line":54,"column":5}},"line":52},"4":{"name":"(anonymous_4)","decl":{"start":{"line":59,"column":4},"end":{"line":59,"column":5}},"loc":{"start":{"line":59,"column":22},"end":{"line":61,"column":5}},"line":59}},"branchMap":{},"s":{"0":1,"1":1,"2":1,"3":1,"4":1,"5":1,"6":1,"7":8,"8":8,"9":8,"10":8,"11":8,"12":8,"13":8,"14":8,"15":8,"16":8,"17":8,"18":8,"19":8,"20":8,"21":8,"22":2,"23":2,"24":2,"25":2,"26":1},"f":{"0":8,"1":2,"2":2,"3":2,"4":2},"b":{},"inputSourceMap":{"version":3,"file":"/home/usuario/practicas/p6/src/PE103-07-04/pokemonmaker.ts","sources":["/home/usuario/practicas/p6/src/PE103-07-04/pokemonmaker.ts"],"names":[],"mappings":";;;AAAA,+CAA4C;AAC5C,iDAA8C;AAC9C,uDAAoD;AACpD,iDAA8C;AAC9C,uCAAgD;AAEhD,MAAa,YAAa,SAAQ,sBAAY;IAG1C;;;;;;sCAMkC;IAElC,YAAoB,IAAY,EAAU,MAAc,EAAU,MAAc,EAAU,MAAc,EAAU,OAAe,EAAU,KAAa,EAAU,EAAU;QACxK,IAAI,GAAG,IAAI,CAAC;QACZ,MAAM,GAAG,MAAM,CAAC;QAChB,MAAM,GAAG,MAAM,CAAC;QAChB,MAAM,GAAG,MAAM,CAAC;QAChB,OAAO,GAAG,OAAO,CAAC;QAClB,KAAK,GAAG,KAAK,CAAC;QACd,EAAE,GAAG,EAAE,CAAC;QACR,KAAK,EAAE,CAAC;QARQ,SAAI,GAAJ,IAAI,CAAQ;QAAU,WAAM,GAAN,MAAM,CAAQ;QAAU,WAAM,GAAN,MAAM,CAAQ;QAAU,WAAM,GAAN,MAAM,CAAQ;QAAU,YAAO,GAAP,OAAO,CAAQ;QAAU,UAAK,GAAL,KAAK,CAAQ;QAAU,OAAE,GAAF,EAAE,CAAQ;IAS5K,CAAC;IAED;;;MAGE;IACK,cAAc;QACjB,OAAO,IAAI,yBAAW,CAAC,IAAI,CAAC,IAAI,EAAE,IAAI,CAAC,MAAM,EAAE,IAAI,CAAC,MAAM,EAAE,IAAI,CAAC,MAAM,EAAE,IAAI,CAAC,OAAO,EAAE,IAAI,CAAC,KAAK,EAAE,IAAI,CAAC,EAAE,CAAC,CAAC;IAChH,CAAC;IAED;;;MAGE;IACK,eAAe;QAClB,OAAO,IAAI,2BAAY,CAAC,IAAI,CAAC,IAAI,EAAE,IAAI,CAAC,MAAM,EAAE,IAAI,CAAC,MAAM,EAAE,IAAI,CAAC,MAAM,EAAE,IAAI,CAAC,OAAO,EAAE,IAAI,CAAC,KAAK,EAAE,IAAI,CAAC,EAAE,CAAC,CAAC;IACjH,CAAC;IAED;;;MAGE;IACK,kBAAkB;QACrB,OAAO,IAAI,iCAAe,CAAC,IAAI,CAAC,IAAI,EAAE,IAAI,CAAC,MAAM,EAAE,IAAI,CAAC,MAAM,EAAE,IAAI,CAAC,MAAM,EAAE,IAAI,CAAC,OAAO,EAAE,IAAI,CAAC,KAAK,EAAE,IAAI,CAAC,EAAE,CAAC,CAAC;IACpH,CAAC;IAED;;;MAGE;IACK,eAAe;QAClB,OAAO,IAAI,2BAAY,CAAC,IAAI,CAAC,IAAI,EAAE,IAAI,CAAC,MAAM,EAAE,IAAI,CAAC,MAAM,EAAE,IAAI,CAAC,MAAM,EAAE,IAAI,CAAC,OAAO,EAAE,IAAI,CAAC,KAAK,EAAE,IAAI,CAAC,EAAE,CAAC,CAAC;IACjH,CAAC;CAEJ;AAtDD,oCAsDC","sourcesContent":["import { FirePokemon } from './firepokemon';\nimport { WaterPokemon } from './waterpokemon';\nimport { ElectricPokemon } from './electricpokemon';\nimport { GrassPokemon } from './grasspokemon';\nimport {BasicPokemon, Pokemon} from './pokemon';\n\nexport class PokemonMaker extends BasicPokemon {\n    \n\n    /** @param name El nombre del pokemon\n    * @param weight Peso del pokemon\n    * @param height Altura del pokemon\n    * @param attack Los puntos de ataque del pokemon\n    * @param defense Los puntos de defensa del pokemon\n    * @param speed Los puntos de velocidad del pokemon\n    * @param hp La vida del pokemon */\n\n    constructor(private name: string, private weight: number, private height: number, private attack: number, private defense: number, private speed: number, private hp: number){\n        name = name;\n        weight = weight;\n        height = height;\n        attack = attack;\n        defense = defense;\n        speed = speed;\n        hp = hp;\n        super();\n    }\n\n    /**\n    * Funcion que genero un nuevo pokemon de tipo Fuego basado en la interface Pokemon\n    * @returns \n    */\n    public newFirePokemon(): Pokemon {\n        return new FirePokemon(this.name, this.weight, this.height, this.attack, this.defense, this.speed, this.hp);\n    }\n\n    /**\n    * Funcion que genero un nuevo pokemon de tipo Hierba basado en la interface Pokemon\n    * @returns \n    */\n    public newGrassPokemon(): Pokemon {\n        return new GrassPokemon(this.name, this.weight, this.height, this.attack, this.defense, this.speed, this.hp);\n    }\n\n    /**\n    * Funcion que genero un nuevo pokemon de tipo Electrico basado en la interface Pokemon\n    * @returns \n    */\n    public newElectricPokemon(): Pokemon {\n        return new ElectricPokemon(this.name, this.weight, this.height, this.attack, this.defense, this.speed, this.hp);\n    }\n\n    /**\n    * Funcion que genero un nuevo pokemon de tipo Agua basado en la interface Pokemon\n    * @returns \n    */\n    public newWaterPokemon(): Pokemon {\n        return new WaterPokemon(this.name, this.weight, this.height, this.attack, this.defense, this.speed, this.hp);\n    }\n\n}"]},"_coverageSchema":"1a1c01bbd47fc00a2c39e90264f33305004495a9","hash":"80f99acce7d907e4564cf670e403d01470f80019","contentHash":"2d8e666a7bfb7b403723a87617351e15c3f9a0c6b1f6e8f031afc71654458130"},"/home/usuario/practicas/p6/src/PE103-07-04/firepokemon.ts":{"path":"/home/usuario/practicas/p6/src/PE103-07-04/firepokemon.ts","statementMap":{"0":{"start":{"line":2,"column":0},"end":{"line":2,"column":62}},"1":{"start":{"line":3,"column":0},"end":{"line":3,"column":29}},"2":{"start":{"line":13,"column":8},"end":{"line":13,"column":25}},"3":{"start":{"line":14,"column":8},"end":{"line":14,"column":29}},"4":{"start":{"line":15,"column":8},"end":{"line":15,"column":29}},"5":{"start":{"line":16,"column":8},"end":{"line":16,"column":29}},"6":{"start":{"line":17,"column":8},"end":{"line":17,"column":31}},"7":{"start":{"line":18,"column":8},"end":{"line":18,"column":27}},"8":{"start":{"line":19,"column":8},"end":{"line":19,"column":21}},"9":{"start":{"line":20,"column":8},"end":{"line":20,"column":25}},"10":{"start":{"line":21,"column":8},"end":{"line":21,"column":29}},"11":{"start":{"line":22,"column":8},"end":{"line":22,"column":29}},"12":{"start":{"line":23,"column":8},"end":{"line":23,"column":29}},"13":{"start":{"line":24,"column":8},"end":{"line":24,"column":31}},"14":{"start":{"line":25,"column":8},"end":{"line":25,"column":27}},"15":{"start":{"line":26,"column":8},"end":{"line":26,"column":21}},"16":{"start":{"line":33,"column":8},"end":{"line":33,"column":25}},"17":{"start":{"line":40,"column":8},"end":{"line":40,"column":27}},"18":{"start":{"line":47,"column":8},"end":{"line":47,"column":27}},"19":{"start":{"line":54,"column":8},"end":{"line":54,"column":27}},"20":{"start":{"line":61,"column":8},"end":{"line":61,"column":28}},"21":{"start":{"line":68,"column":8},"end":{"line":68,"column":26}},"22":{"start":{"line":75,"column":8},"end":{"line":75,"column":23}},"23":{"start":{"line":82,"column":8},"end":{"line":82,"column":23}},"24":{"start":{"line":85,"column":0},"end":{"line":85,"column":34}}},"fnMap":{"0":{"name":"(anonymous_0)","decl":{"start":{"line":12,"column":4},"end":{"line":12,"column":5}},"loc":{"start":{"line":12,"column":66},"end":{"line":27,"column":5}},"line":12},"1":{"name":"(anonymous_1)","decl":{"start":{"line":32,"column":4},"end":{"line":32,"column":5}},"loc":{"start":{"line":32,"column":14},"end":{"line":34,"column":5}},"line":32},"2":{"name":"(anonymous_2)","decl":{"start":{"line":39,"column":4},"end":{"line":39,"column":5}},"loc":{"start":{"line":39,"column":16},"end":{"line":41,"column":5}},"line":39},"3":{"name":"(anonymous_3)","decl":{"start":{"line":46,"column":4},"end":{"line":46,"column":5}},"loc":{"start":{"line":46,"column":16},"end":{"line":48,"column":5}},"line":46},"4":{"name":"(
[...]
,"line":44},"4":{"name":"(anonymous_4)","decl":{"start":{"line":61,"column":4},"end":{"line":61,"column":5}},"loc":{"start":{"line":61,"column":16},"end":{"line":77,"column":5}},"line":61}},"branchMap":{"0":{"loc":{"start":{"line":11,"column":8},"end":{"line":24,"column":9}},"type":"switch","locations":[{"start":{"line":12,"column":12},"end":{"line":15,"column":13}},{"start":{"line":16,"column":12},"end":{"line":19,"column":13}},{"start":{"line":20,"column":12},"end":{"line":23,"column":13}}],"line":11},"1":{"loc":{"start":{"line":28,"column":8},"end":{"line":41,"column":9}},"type":"switch","locations":[{"start":{"line":29,"column":12},"end":{"line":32,"column":13}},{"start":{"line":33,"column":12},"end":{"line":36,"column":13}},{"start":{"line":37,"column":12},"end":{"line":40,"column":13}}],"line":28},"2":{"loc":{"start":{"line":45,"column":8},"end":{"line":58,"column":9}},"type":"switch","locations":[{"start":{"line":46,"column":12},"end":{"line":49,"column":13}},{"start":{"line":50,"column":12},"end":{"line":53,"column":13}},{"start":{"line":54,"column":12},"end":{"line":57,"column":13}}],"line":45},"3":{"loc":{"start":{"line":62,"column":8},"end":{"line":75,"column":9}},"type":"switch","locations":[{"start":{"line":63,"column":12},"end":{"line":66,"column":13}},{"start":{"line":67,"column":12},"end":{"line":70,"column":13}},{"start":{"line":71,"column":12},"end":{"line":74,"column":13}}],"line":62}},"s":{"0":1,"1":1,"2":1,"3":5,"4":5,"5":2,"6":0,"7":0,"8":1,"9":0,"10":1,"11":0,"12":0,"13":2,"14":0,"15":0,"16":1,"17":0,"18":1,"19":0,"20":0,"21":0,"22":0,"23":0,"24":0,"25":0,"26":0,"27":0,"28":0,"29":1,"30":1,"31":0,"32":0,"33":0,"34":0,"35":0,"36":0,"37":1},"f":{"0":5,"1":2,"2":2,"3":0,"4":1},"b":{"0":[0,1,1],"1":[0,1,1],"2":[0,0,0],"3":[1,0,0]},"inputSourceMap":{"version":3,"file":"/home/usuario/practicas/p6/src/PE103/metriclengthadapter.ts","sources":["/home/usuario/practicas/p6/src/PE103/metriclengthadapter.ts"],"names":[],"mappings":";;;AAAA,qDAAkD;AAElD,MAAa,mBAAoB,SAAQ,+BAAc;IAInD,YAAY,MAAsB;QAC9B,KAAK,CAAC,MAAM,CAAC,QAAQ,EAAE,MAAM,CAAC,IAAI,CAAC,CAAC;QACpC,IAAI,CAAC,OAAO,GAAG,MAAM,CAAC;IAC1B,CAAC;IAED,MAAM,CAAC,IAAY;QACf,QAAO,IAAI,EAAC;YACR,KAAK,aAAa,CAAC,CAAC;gBAChB,OAAO,IAAI,CAAC,OAAO,CAAC,QAAQ,GAAC,IAAI,CAAC;gBAClC,MAAM;aACT;YACD,KAAK,QAAQ,CAAC,CAAC;gBACX,OAAO,IAAI,CAAC,OAAO,CAAC,QAAQ,GAAC,MAAM,CAAC;gBACpC,MAAM;aACT;YACD,KAAK,YAAY,CAAC,CAAC;gBACf,OAAO,IAAI,CAAC,OAAO,CAAC,QAAQ,GAAC,SAAS,CAAC;gBACvC,MAAM;aACT;SACJ;QACD,OAAO,kBAAkB,CAAC;IAC9B,CAAC;IAED,IAAI,CAAC,IAAY;QACb,QAAO,IAAI,EAAC;YACR,KAAK,aAAa,CAAC,CAAC;gBAChB,OAAO,IAAI,CAAC,OAAO,CAAC,QAAQ,GAAC,KAAK,CAAC;gBACnC,MAAM;aACT;YACD,KAAK,QAAQ,CAAC,CAAC;gBACX,OAAO,IAAI,CAAC,OAAO,CAAC,QAAQ,GAAC,MAAM,CAAC;gBACpC,MAAM;aACT;YACD,KAAK,YAAY,CAAC,CAAC;gBACf,OAAO,IAAI,CAAC,OAAO,CAAC,QAAQ,GAAC,SAAS,CAAC;gBACvC,MAAM;aACT;SACJ;QACD,OAAO,kBAAkB,CAAC;IAC9B,CAAC;IAED,KAAK,CAAC,IAAY;QACd,QAAO,IAAI,EAAC;YACR,KAAK,aAAa,CAAC,CAAC;gBAChB,OAAO,IAAI,CAAC,OAAO,CAAC,QAAQ,GAAC,KAAK,CAAC;gBACnC,MAAM;aACT;YACD,KAAK,QAAQ,CAAC,CAAC;gBACX,OAAO,IAAI,CAAC,OAAO,CAAC,QAAQ,GAAC,MAAM,CAAC;gBACpC,MAAM;aACT;YACD,KAAK,YAAY,CAAC,CAAC;gBACf,OAAO,IAAI,CAAC,OAAO,CAAC,QAAQ,GAAC,SAAS,CAAC;gBACvC,MAAM;aACT;SACJ;QACD,OAAO,kBAAkB,CAAC;IAC9B,CAAC;IAED,KAAK,CAAC,IAAY;QACd,QAAO,IAAI,EAAC;YACR,KAAK,aAAa,CAAC,CAAC;gBAChB,OAAO,IAAI,CAAC,OAAO,CAAC,QAAQ,GAAC,QAAQ,CAAC;gBACtC,MAAM;aACT;YACD,KAAK,QAAQ,CAAC,CAAC;gBACX,OAAO,IAAI,CAAC,OAAO,CAAC,QAAQ,GAAC,QAAQ,CAAC;gBACtC,MAAM;aACT;YACD,KAAK,YAAY,CAAC,CAAC;gBACf,OAAO,IAAI,CAAC,OAAO,CAAC,QAAQ,GAAC,QAAQ,CAAC;gBACtC,MAAM;aACT;SACJ;QACD,OAAO,kBAAkB,CAAC;IAC9B,CAAC;CACJ;AAhFD,kDAgFC","sourcesContent":["import { ImperialLength } from \"./imperiallength\";\n\nexport class MetricLengthAdapter extends ImperialLength {\n\n    convert: ImperialLength;\n\n    constructor(amount: ImperialLength){\n        super(amount.quantity, amount.type);\n        this.convert = amount;\n    }\n\n    inches(type: string): number | string{\n        switch(type){\n            case 'centimetros': {\n                return this.convert.quantity*2.54;\n                break;\n            }\n            case 'metros': {\n                return this.convert.quantity*0.0254;\n                break;\n            }\n            case 'kilometros': {\n                return this.convert.quantity*0.0000254;\n                break;\n            }\n        }\n        return \"Metrica invalida\"; \n    }\n\n    feet(type: string): number | string{\n        switch(type){\n            case 'centimetros': {\n                return this.convert.quantity*30.48;\n                break;\n            }\n            case 'metros': {\n                return this.convert.quantity*0.3048;\n                break;\n            }\n            case 'kilometros': {\n                return this.convert.quantity*0.0003048;\n                break;\n            }\n        }\n        return \"Metrica invalida\"; \n    }\n\n    yards(type: string): number | string{\n        switch(type){\n            case 'centimetros': {\n                return this.convert.quantity*91.44;\n                break;\n            }\n            case 'metros': {\n                return this.convert.quantity*0.9144;\n                break;\n            }\n            case 'kilometros': {\n                return this.convert.quantity*0.0009144;\n                break;\n            }\n        }\n        return \"Metrica invalida\"; \n    }\n\n    miles(type: string): number | string{\n        switch(type){\n            case 'centimetros': {\n                return this.convert.quantity*160934.4;\n                break;\n            }\n            case 'metros': {\n                return this.convert.quantity*1609.344;\n                break;\n            }\n            case 'kilometros': {\n                return this.convert.quantity*1.609344;\n                break;\n            }\n        }\n        return \"Metrica invalida\";\n    }\n}"]},"_coverageSchema":"1a1c01bbd47fc00a2c39e90264f33305004495a9","hash":"a5afc582e326be9ea97759d3e60c707e92d33b71","contentHash":"e5892770f4ec3cf2fe26021dd0960eca5d8d83d8135e0bb9036c63964acb8539"},"/home/usuario/practicas/p6/src/PE103/imperiallength.ts":{"path":"/home/usuario/practicas/p6/src/PE103/imperiallength.ts","statementMap":{"0":{"start":{"line":2,"column":0},"end":{"line":2,"column":62}},"1":{"start":{"line":3,"column":0},"end":{"line":3,"column":32}},"2":{"start":{"line":6,"column":8},"end":{"line":6,"column":31}},"3":{"start":{"line":7,"column":8},"end":{"line":7,"column":25}},"4":{"start":{"line":10,"column":8},"end":{"line":23,"column":9}},"5":{"start":{"line":12,"column":16},"end":{"line":12,"column":45}},"6":{"start":{"line":13,"column":16},"end":{"line":13,"column":22}},"7":{"start":{"line":16,"column":16},"end":{"line":16,"column":45}},"8":{"start":{"line":17,"column":16},"end":{"line":17,"column":22}},"9":{"start":{"line":20,"column":16},"end":{"line":20,"column":48}},"10":{"start":{"line":21,"column":16},"end":{"line":21,"column":22}},"11":{"start":{"line":24,"column":8},"end":{"line":24,"column":29}},"12":{"start":{"line":27,"column":8},"end":{"line":40,"column":9}},"13":{"start":{"line":29,"column":16},"end":{"line":29,"column":42}},"14":{"start":{"line":30,"column":16},"end":{"line":30,"column":22}},"15":{"start":{"line":33,"column":16},"end":{"line":33,"column":44}},"16":{"start":{"line":34,"column":16},"end":{"line":34,"column":22}},"17":{"start":{"line":37,"column":16},"end":{"line":37,"column":47}},"18":{"start":{"line":38,"column":16},"end":{"line":38,"column":22}},"19":{"start":{"line":41,"column":8},"end":{"line":41,"column":29}},"20":{"start":{"line":44,"column":8},"end":{"line":57,"column":9}},"21":{"start":{"line":46,"column":16},"end":{"line":46,"column":42}},"22":{"start":{"line":47,"column":16},"end":{"line":47,"column":22}},"23":{"start":{"line":50,"column":16},"end":{"line":50,"column":41}},"24":{"start":{"line":51,"column":16},"end":{"line":51,"column":22}},"25":{"start":{"line":54,"column":16},"end":{"line":54,"column":47}},"26":{"start":{"line":55,"column":16},"end":{"line":55,"column":22}},"27":{"start":{"line":58,"column":8},"end":{"line":58,"column":29}},"28":{"start":{"line":61,"column":8},"end":{"line":74,"column":9}},"29":{"start":{"line":63,"column":16},"end":{"line":63,"column":45}},"30":{"start":{"line":64,"column":16},"end":{"line":64,"column":22}},"31":{"start":{"line":67,"column":16},"end":{"line":67,"column":44}},"32":{"start":{"line":68,"column":16},"end":{"line":68,"column":22}},"33":{"start":{"line":71,"column":16},"end":{"line":71,"column":44}},"34":{"start":{"line":72,"column":16},"end":{"line":72,"column":22}},"35":{"start":{"line":75,"column":8},"end":{"line":75,"column":29}},"36":{"start":{"line":78,"column":0},"end":{"line":78,"column":40}}},"fnMap":{"0":{"name":"(anonymous_0)","decl":{"start":{"line":5,"column":4},"end":{"line":5,"column":5}},"loc":{"start":{"line":5,"column":30},"end":{"line":8,"column":5}},"line":5},"1":{"name":"(anonymous_1)","decl":{"start":{"line":9,"column":4},"end":{"line":9,"column":5}},"loc":{"start":{"line":9,"column":17},"end":{"line":25,"column":5}},"line":9},"2":{"name":"(anonymous_2)","decl":{"start":{"line":26,"column":4},"end":{"line":26,"column":5}},"loc":{"start":{"line":26,"column":15},"end":{"line":42,"column":5}},"line":26},"3":{"name":"(anonymous_3)","decl":{"start":{"line":43,"column":4},"end":{"line":43,"column":5}},"loc":{"start":{"line":43,"column":16},"end":{"line":59,"column":5}},"line":43},"4":{"name":"(anonymous_4)","decl":{"start":{"line":60,"column":4},"end":{"line":60,"column":5}},"loc":{"start":{"line":60,"column":16},"end":{"line":76,"column":5}},"line":60}},"branchMap":{"0":{"loc":{"start":{"line":10,"column":8},"end":{"line":23,"column":9}},"type":"switch","locations":[{"start":{"line":11,"column":12},"end":{"line":14,"column":13}},{"start":{"line":15,"column":12},"end":{"line":18,"column":13}},{"start":{"line":19,"column":12},"end":{"line":22,"column":13}}],"line":10},"1":{"loc":{"start":{"line":27,"column":8},"end":{"line":40,"column":9}},"type":"switch","locations":[{"start":{"line":28,"column":12},"end":{"line":31,"column":13}},{"start":{"line":32,"column":12},"end":{"line":35,"column":13}},{"start":{"line":36,"column":12},"end":{"line":39,"column":13}}],"line":27},"2":{"loc":{"start":{"line":44,"column":8},"end":{"line":57,"column":9}},"type":"switch","locations":[{"start":{"line":45,"column":12},"end":{"line":48,"column":13}},{"start":{"line":49,"column":12},"end":{"line":52,"column":13}},{"start":{"line":53,"column":12},"end":{"line":56,"column":13}}],"line":44},"3":{"loc":{"start":{"line":61,"column":8},"end":{"line":74,"column":9}},"type":"switch","locations":[{"start":{"line":62,"column":12},"end":{"line":65,"column":13}},{"start":{"line":66,"column":12},"end":{"line":69,"column":13}},{"start":{"line":70,"column":12},"end":{"line":73,"column":13}}],"line":61}},"s":{"0":1,"1":1,"2":10,"3":10,"4":0,"5":0,"6":0,"7":0,"8":0,"9":0,"10":0,"11":0,"12":0,"13":0,"14":0,"15":0,"16":0,"17":0,"18":0,"19":0,"20":0,"21":0,"22":0,"23":0,"24":0,"25":0,"26":0,"27":0,"28":0,"29":0,"30":0,"31":0,"32":0,"33":0,"34":0,"35":0,"36":1},"f":{"0":10,"1":0,"2":0,"3":0,"4":0},"b":{"0":[0,0,0],"1":[0,0,0],"2":[0,0,0],"3":[0,0,0]},"inputSourceMap":{"version":3,"file":"/home/usuario/practicas/p6/src/PE103/imperiallength.ts","sources":["/home/usuario/practicas/p6/src/PE103/imperiallength.ts"],"names":[],"mappings":";;;AAAA,MAAa,cAAc;IAKvB,YAAY,MAAc,EAAE,IAAY;QACpC,IAAI,CAAC,QAAQ,GAAG,MAAM,CAAC;QACvB,IAAI,CAAC,IAAI,GAAG,IAAI,CAAC;IACrB,CAAC;IAED,MAAM,CAAC,IAAY;QACf,QAAO,IAAI,EAAC;YACR,KAAK,MAAM,CAAC,CAAC;gBACT,OAAO,IAAI,CAAC,QAAQ,GAAC,KAAK,CAAC;gBAC3B,MAAM;aACT;YACD,KAAK,QAAQ,CAAC,CAAC;gBACX,OAAO,IAAI,CAAC,QAAQ,GAAC,KAAK,CAAC;gBAC3B,MAAM;aACT;YACD,KAAK,QAAQ,CAAC,CAAC;gBACX,OAAO,IAAI,CAAC,QAAQ,GAAC,QAAQ,CAAC;gBAC9B,MAAM;aACT;SACJ;QACD,OAAO,IAAI,CAAC,QAAQ,CAAC;IACzB,CAAC;IAED,IAAI,CAAC,IAAY;QACb,QAAO,IAAI,EAAC;YACR,KAAK,UAAU,CAAC,CAAC;gBACb,OAAO,IAAI,CAAC,QAAQ,GAAC,EAAE,CAAC;gBACxB,MAAM;aACT;YACD,KAAK,QAAQ,CAAC,CAAC;gBACX,OAAO,IAAI,CAAC,QAAQ,GAAC,IAAI,CAAC;gBAC1B,MAAM;aACT;YACD,KAAK,QAAQ,CAAC,CAAC;gBACX,OAAO,IAAI,CAAC,QAAQ,GAAC,OAAO,CAAC;gBAC7B,MAAM;aACT;SACJ;QACD,OAAO,IAAI,CAAC,QAAQ,CAAC;IACzB,CAAC;IAED,KAAK,CAAC,IAAY;QACd,QAAO,IAAI,EAAC;YACR,KAAK,UAAU,CAAC,CAAC;gBACb,OAAO,IAAI,CAAC,QAAQ,GAAC,EAAE,CAAC;gBACxB,MAAM;aACT;YACD,KAAK,MAAM,CAAC,CAAC;gBACT,OAAO,IAAI,CAAC,QAAQ,GAAC,CAAC,CAAC;gBACvB,MAAM;aACT;YACD,KAAK,QAAQ,CAAC,CAAC;gBACX,OAAO,IAAI,CAAC,QAAQ,GAAC,OAAO,CAAC;gBAC7B,MAAM;aACT;SACJ;QACD,OAAO,IAAI,CAAC,QAAQ,CAAC;IACzB,CAAC;IAED,KAAK,CAAC,IAAY;QACd,QAAO,IAAI,EAAC;YACR,KAAK,UAAU,CAAC,CAAC;gBACb,OAAO,IAAI,CAAC,QAAQ,GAAC,KAAK,CAAC;gBAC3B,MAAM;aACT;YACD,KAAK,MAAM,CAAC,CAAC;gBACT,OAAO,IAAI,CAAC,QAAQ,GAAC,IAAI,CAAC;gBAC1B,MAAM;aACT;YACD,KAAK,QAAQ,CAAC,CAAC;gBACX,OAAO,IAAI,CAAC,QAAQ,GAAC,IAAI,CAAC;gBAC1B,MAAM;aACT;SACJ;QACD,OAAO,IAAI,CAAC,QAAQ,CAAC;IACzB,CAAC;CACJ;AAjFD,wCAiFC","sourcesContent":["export class ImperialLength {\n\n    quantity: number;\n    type: string;\n\n    constructor(amount: number, type: string){\n        this.quantity = amount;\n        this.type = type;\n    }\n\n    inches(type: string): number | string{\n        switch(type){\n            case 'pies': {\n                return this.quantity*0.083;\n                break;\n            }\n            case 'yardas': {\n                return this.quantity*0.028;\n                break;\n            }\n            case 'millas': {\n                return this.quantity*0.000016;\n                break;\n            }\n        }\n        return this.quantity; \n    }\n\n    feet(type: string): number | string{\n        switch(type){\n            case 'pulgadas': {\n                return this.quantity*12;\n                break;\n            }\n            case 'yardas': {\n                return this.quantity*0.33;\n                break;\n            }\n            case 'millas': {\n                return this.quantity*0.00019;\n                break;\n            }\n        }\n        return this.quantity; \n    }\n\n    yards(type: string): number | string{\n        switch(type){\n            case 'pulgadas': {\n                return this.quantity*36;\n                break;\n            }\n            case 'pies': {\n                return this.quantity*3;\n                break;\n            }\n            case 'millas': {\n                return this.quantity*0.00057;\n                break;\n            }\n        }\n        return this.quantity; \n    }\n\n    miles(type: string): number | string{\n        switch(type){\n            case 'pulgadas': {\n                return this.quantity*63360;\n                break;\n            }\n            case 'pies': {\n                return this.quantity*5280;\n                break;\n            }\n            case 'yardas': {\n                return this.quantity*1760;\n                break;\n            }\n        }\n        return this.quantity;\n    }\n}"]},"_coverageSchema":"1a1c01bbd47fc00a2c39e90264f33305004495a9","hash":"ea5afd728aa09955fc8328932cf09290f1d5a803","contentHash":"62db6c943bb65c9432df4789b3e62e4cde93129cd0990db8ded83ce088341705"},"/home/usuario/practicas/p6/src/rational.ts":{"path":"/home/usuario/practicas/p6/src/rational.ts","statementMap":{"0":{"start":{"line":2,"column":0},"end":{"line":2,"column":62}},"1":{"start":{"line":3,"column":0},"end":{"line":3,"column":26}},"2":{"start":{"line":13,"column":8},"end":{"line":13,"column":35}},"3":{"start":{"line":14,"column":8},"end":{"line":14,"column":39}},"4":{"start":{"line":18,"column":8},"end":{"line":18,"column":142}},"5":{"start":{"line":22,"column":8},"end":{"line":22,"column":142}},"6":{"start":{"line":26,"column":8},"end":{"line":26,"column":102}},"7":{"start":{"line":30,"column":8},"end":{"line":30,"column":102}},"8":{"start":{"line":33,"column":0},"end":{"line":33,"column":28}}},"fnMap":{"0":{"name":"(anonymous_0)","decl":{"start":{"line":12,"column":4},"end":{"line":12,"column":5}},"loc":{"start":{"line":12,"column":40},"end":{"line":15,"column":5}},"line":12},"1":{"name":"(anonymous_1)","decl":{"start":{"line":17,"column":4},"end":{"line":17,"column":5}},"loc":{"start":{"line":17,"column":16},"end":{"line":19,"column":5}},"line":17},"2":{"name":"(anonymous_2)","decl":{"start":{"line":21,"column":4},"end":{"line":21,"column":5}},"loc":{"start":{"line":21,"column":22},"end":{"line":23,"column":5}},"line":21},"3":{"name":"(anonymous_3)","decl":{"start":{"line":25,"column":4},"end":{"line":25,"column":5}},"loc":{"start":{"line":25,"column":21},"end":{"line":27,"column":5}},"line":25},"4":{"name":"(anonymous_4)","decl":{"start":{"line":29,"column":4},"end":{"line":29,"column":5}},"loc":{"start":{"line":29,"column":19},"end":{"line":31,"column":5}},"line":29}},"branchMap":{},"s":{"0":1,"1":1,"2":10,"3":10,"4":1,"5":1,"6":1,"7":1,"8":1},"f":{"0":10,"1":1,"2":1,"3":1,"4":1},"b":{},"inputSourceMap":{"version":3,"file":"/home/usuario/practicas/p6/src/rational.ts","sources":["/home/usuario/practicas/p6/src/rational.ts"],"names":[],"mappings":";;;AAEA;;;;;GAKG;AAEF,gGAAgG;AACjG,MAAa,QAAQ;IAWjB,YAAY,SAAiB,EAAE,WAAmB;QAChD,IAAI,CAAC,SAAS,GAAG,SAAS,CAAC;QAC3B,IAAI,CAAC,WAAW,GAAG,WAAW,CAAC;IACjC,CAAC;IAED,uFAAuF;IACvF,GAAG,CAAC,MAAgB;QAClB,OAAO,IAAI,QAAQ,CACjB,IAAI,CAAC,SAAS,GAAG,MAAM,CAAC,WAAW,GAAG,MAAM,CAAC,SAAS,GAAG,IAAI,CAAC,WAAW,EACzE,IAAI,CAAC,WAAW,GAAG,MAAM,CAAC,WAAW,CACtC,CAAC;IACJ,CAAC;IAED,8FAA8F;IAC9F,SAAS,CAAC,MAAgB;QACxB,OAAO,IAAI,QAAQ,CACjB,IAAI,CAAC,SAAS,GAAG,MAAM,CAAC,WAAW,GAAG,MAAM,CAAC,SAAS,GAAG,IAAI,CAAC,WAAW,EACzE,IAAI,CAAC,WAAW,GAAG,MAAM,CAAC,WAAW,CACtC,CAAC;IACJ,CAAC;IAED,kGAAkG;IAClG,QAAQ,CAAC,MAAgB;QACvB,OAAO,IAAI,QAAQ,CACjB,IAAI,CAAC,SAAS,GAAG,MAAM,CAAC,SAAS,EACjC,IAAI,CAAC,WAAW,GAAG,MAAM,CAAC,WAAW,CACtC,CAAC;IACJ,CAAC;IAED,4FAA4F;IAC5F,MAAM,CAAC,MAAgB;QACrB,OAAO,IAAI,QAAQ,CACjB,IAAI,CAAC,SAAS,GAAG,MAAM,CAAC,WAAW,EACnC,MAAM,CAAC,SAAS,GAAG,IAAI,CAAC,WAAW,CACpC,CAAC;IACJ,CAAC;CACJ;AA/CD,4BA+CC","sourcesContent":["import {Arithmeticable} from '../src/arithmeticable';\n\n/**\n * Rational\n * \n * @author Micaela Lucia Mungay Juncal\n * \n */\n\n /**  @class clase en la cual se implementa la interface Arithmeticable para valores racionales*/\nexport class Rational implements Arithmeticable<Rational>{\n\n\n   /**\n    * @param numerator numerador del racional\n    * @param denominator denominador del racional\n    */\n\n    private numerator: number;\n    private denominator: number;\n  \n    constructor(numerator: number, denominator: number) {\n      this.numerator = numerator;\n      this.denominator = denominator;\n    }\n  \n    /** @function add implementada de la interface, donde sumamos dos numeros racionales */\n    add(valueB: Rational): Rational {\n      return new Rational(\n        this.numerator * valueB.denominator + valueB.numerator * this.denominator,\n        this.denominator * valueB.denominator     \n      );\n    }     \n  \n    /** @function substract implementada de la interface, donde restamos dos numeros racionales */\n    substract(valueB: Rational): Rational {\n      return new Rational(\n        this.numerator * valueB.denominator - valueB.numerator * this.denominator,\n        this.denominator * valueB.denominator\n      );\n    }       \n  \n    /** @function multiply implementada de la interface, donde multiplicamos dos numeros racionales */\n    multiply(valueB: Rational): Rational {\n      return new Rational(\n        this.numerator * valueB.numerator,\n        this.denominator * valueB.denominator\n      );\n    }\n\n    /** @function divide implementada de la interface, donde dividimos dos numeros racionales */\n    divide(valueB: Rational): Rational {\n      return new Rational(\n        this.numerator * valueB.denominator,\n        valueB.numerator * this.denominator\n      );     \n    }\n}"]},"_coverageSchema":"1a1c01bbd47fc00a2c39e90264f33305004495a9","hash":"f3d08e75f465d73599a7a0605ed77caecce88a40","contentHash":"c07611988ae4bdd517e83dc2733fb94917bdc59047783b9b58fd5c82c883baf0"}}