TN:
SF:src/rational.ts
FN:22,(anonymous_0)
FN:28,(anonymous_1)
FN:36,(anonymous_2)
FN:44,(anonymous_3)
FN:52,(anonymous_4)
FNF:5
FNH:5
FNDA:10,(anonymous_0)
FNDA:1,(anonymous_1)
FNDA:1,(anonymous_2)
FNDA:1,(anonymous_3)
FNDA:1,(anonymous_4)
DA:11,1
DA:23,10
DA:24,10
DA:29,1
DA:37,1
DA:45,1
DA:53,1
LF:7
LH:7
BRF:0
BRH:0
end_of_record
TN:
SF:src/PE103/imperiallength.ts
FN:6,(anonymous_0)
FN:11,(anonymous_1)
FN:29,(anonymous_2)
FN:47,(anonymous_3)
FN:65,(anonymous_4)
FNF:5
FNH:1
FNDA:10,(anonymous_0)
FNDA:0,(anonymous_1)
FNDA:0,(anonymous_2)
FNDA:0,(anonymous_3)
FNDA:0,(anonymous_4)
DA:1,1
DA:7,10
DA:8,10
DA:12,0
DA:14,0
DA:15,0
DA:18,0
DA:19,0
DA:22,0
DA:23,0
DA:26,0
DA:30,0
DA:32,0
DA:33,0
DA:36,0
DA:37,0
DA:40,0
DA:41,0
DA:44,0
DA:48,0
DA:50,0
DA:51,0
DA:54,0
DA:55,0
DA:58,0
DA:59,0
DA:62,0
DA:66,0
DA:68,0
DA:69,0
DA:72,0
DA:73,0
DA:76,0
DA:77,0
DA:80,0
LF:35
LH:3
BRDA:12,0,0,0
BRDA:12,0,1,0
BRDA:12,0,2,0
BRDA:30,1,0,0
BRDA:30,1,1,0
BRDA:30,1,2,0
BRDA:48,2,0,0
BRDA:48,2,1,0
BRDA:48,2,2,0
BRDA:66,3,0,0
BRDA:66,3,1,0
BRDA:66,3,2,0
BRF:12
BRH:0
end_of_record
TN:
SF:src/PE103/metriclengthadapter.ts
FN:7,(anonymous_0)
FN:12,(anonymous_1)
FN:30,(anonymous_2)
FN:48,(anonymous_3)
FN:66,(anonymous_4)
FNF:5
FNH:4
FNDA:5,(anonymous_0)
FNDA:2,(anonymous_1)
FNDA:2,(anonymous_2)
FNDA:0,(anonymous_3)
FNDA:1,(anonymous_4)
DA:1,1
DA:3,1
DA:8,5
DA:9,5
DA:13,2
DA:15,0
DA:16,0
DA:19,1
DA:20,0
DA:23,1
DA:24,0
DA:27,0
DA:31,2
DA:33,0
DA:34,0
DA:37,1
DA:38,0
DA:41,1
DA:42,0
DA:45,0
DA:49,0
DA:51,0
DA:52,0
DA:55,0
DA:56,0
DA:59,0
DA:60,0
DA:63,0
DA:67,1
DA:69,1
DA:70,0
DA:73,0
DA:74,0
DA:77,0
DA:78,0
DA:81,0
LF:36
LH:12
BRDA:13,0,0,0
BRDA:13,0,1,1
BRDA:13,0,2,1
BRDA:31,1,0,0
BRDA:31,1,1,1
BRDA:31,1,2,1
BRDA:49,2,0,0
BRDA:49,2,1,0
BRDA:49,2,2,0
BRDA:67,3,0,1
BRDA:67,3,1,0
BRDA:67,3,2,0
BRF:12
BRH:5
end_of_record
TN:
SF:src/ejercicio1/combat.ts
FN:16,(anonymous_0)
FN:21,(anonymous_1)
FN:54,(anonymous_2)
FN:67,(anonymous_3)
FNF:4
FNH:4
FNDA:2,(anonymous_0)
FNDA:2,(anonymous_1)
FNDA:2,(anonymous_2)
FNDA:4,(anonymous_3)
DA:2,1
DA:9,1
DA:10,2
DA:16,2
DA:17,2
DA:22,2
DA:23,2
DA:25,2
DA:26,2
DA:28,4
DA:29,4
DA:30,2
DA:32,2
DA:34,2
DA:36,2
DA:38,4
DA:39,4
DA:44,2
DA:45,2
DA:47,0
DA:55,2
DA:56,2
DA:68,4
DA:69,4
DA:70,4
DA:71,4
DA:72,4
DA:73,4
DA:74,0
DA:75,0
DA:76,0
DA:77,0
DA:78,0
DA:79,0
DA:80,0
DA:82,0
DA:83,0
DA:85,0
DA:86,0
DA:88,0
DA:89,0
DA:91,0
DA:92,0
DA:95,0
DA:96,0
DA:98,0
DA:99,0
DA:101,0
DA:102,0
DA:105,0
DA:106,0
DA:108,0
DA:109,0
DA:112,0
DA:114,0
DA:115,0
DA:117,0
DA:118,0
DA:120,0
DA:121,0
DA:125,0
DA:128,4
DA:129,1
DA:131,1
DA:132,1
DA:134,0
DA:135,0
DA:137,0
DA:138,0
DA:140,3
DA:141,1
DA:142,2
DA:143,1
DA:145,0
DA:146,0
DA:148,0
DA:149,0
DA:151,1
DA:152,1
DA:154,1
DA:155,1
DA:157,0
DA:158,0
DA:160,0
DA:161,0
DA:163,1
DA:164,1
DA:168,4
DA:169,4
LF:89
LH:43
BRDA:26,0,0,6
BRDA:26,0,1,4
BRDA:29,1,0,2
BRDA:29,1,1,2
BRDA:44,2,0,2
BRDA:44,2,1,0
BRDA:73,3,0,0
BRDA:73,3,1,4
BRDA:74,4,0,0
BRDA:74,4,1,0
BRDA:74,5,0,0
BRDA:74,5,1,0
BRDA:77,6,0,0
BRDA:77,6,1,0
BRDA:79,7,0,0
BRDA:79,7,1,0
BRDA:80,8,0,0
BRDA:80,8,1,0
BRDA:80,8,2,0
BRDA:91,9,0,0
BRDA:91,9,1,0
BRDA:92,10,0,0
BRDA:92,10,1,0
BRDA:92,10,2,0
BRDA:101,11,0,0
BRDA:101,11,1,0
BRDA:102,12,0,0
BRDA:102,12,1,0
BRDA:102,12,2,0
BRDA:112,13,0,0
BRDA:112,13,1,0
BRDA:112,13,2,0
BRDA:128,14,0,1
BRDA:128,14,1,3
BRDA:129,15,0,1
BRDA:129,15,1,0
BRDA:129,15,2,0
BRDA:140,16,0,1
BRDA:140,16,1,2
BRDA:142,17,0,1
BRDA:142,17,1,1
BRDA:143,18,0,0
BRDA:143,18,1,0
BRDA:143,18,2,1
BRDA:154,19,0,1
BRDA:154,19,1,0
BRDA:155,20,0,0
BRDA:155,20,1,0
BRDA:155,20,2,1
BRF:49
BRH:16
end_of_record
TN:
SF:src/ejercicio1/dragonball.ts
FN:14,(anonymous_0)
FN:22,(anonymous_1)
FNF:2
FNH:2
FNDA:1,(anonymous_0)
FNDA:3,(anonymous_1)
DA:1,1
DA:5,1
DA:6,1
DA:16,1
DA:23,3
LF:5
LH:5
BRF:0
BRH:0
end_of_record
TN:
SF:src/ejercicio1/fighter.ts
FN:23,(anonymous_0)
FN:31,(anonymous_1)
FN:38,(anonymous_2)
FN:45,(anonymous_3)
FN:52,(anonymous_4)
FN:59,(anonymous_5)
FN:66,(anonymous_6)
FNF:7
FNH:5
FNDA:4,(anonymous_0)
FNDA:4,(anonymous_1)
FNDA:22,(anonymous_2)
FNDA:0,(anonymous_3)
FNDA:0,(anonymous_4)
FNDA:20,(anonymous_5)
FNDA:12,(anonymous_6)
DA:14,1
DA:15,4
DA:23,4
DA:24,4
DA:25,4
DA:32,4
DA:39,22
DA:46,0
DA:53,0
DA:60,20
DA:67,12
LF:11
LH:9
BRF:0
BRH:0
end_of_record
TN:
SF:src/ejercicio1/fighterdex.ts
FN:10,(anonymous_0)
FN:15,(anonymous_1)
FN:22,(anonymous_2)
FN:24,(anonymous_3)
FN:39,(anonymous_4)
FN:47,(anonymous_5)
FN:49,(anonymous_6)
FNF:7
FNH:7
FNDA:1,(anonymous_0)
FNDA:3,(anonymous_1)
FNDA:1,(anonymous_2)
FNDA:3,(anonymous_3)
FNDA:3,(anonymous_4)
FNDA:2,(anonymous_5)
FNDA:6,(anonymous_6)
DA:5,1
DA:10,1
DA:16,3
DA:23,1
DA:24,1
DA:25,3
DA:26,1
DA:29,1
DA:30,0
DA:32,1
DA:40,3
DA:48,2
DA:49,2
DA:50,6
DA:51,1
DA:54,2
DA:55,1
DA:57,1
LF:18
LH:17
BRDA:25,0,0,1
BRDA:25,0,1,2
BRDA:29,1,0,0
BRDA:29,1,1,1
BRDA:50,2,0,1
BRDA:50,2,1,5
BRDA:54,3,0,1
BRDA:54,3,1,1
BRF:8
BRH:7
end_of_record
TN:
SF:src/ejercicio1/marvel.ts
FN:14,(anonymous_0)
FN:22,(anonymous_1)
FNF:2
FNH:2
FNDA:1,(anonymous_0)
FNDA:3,(anonymous_1)
DA:1,1
DA:5,1
DA:6,1
DA:16,1
DA:23,3
LF:5
LH:5
BRF:0
BRH:0
end_of_record
TN:
SF:src/ejercicio1/pokemon.ts
FN:15,(anonymous_0)
FN:23,(anonymous_1)
FN:30,(anonymous_2)
FNF:3
FNH:3
FNDA:1,(anonymous_0)
FNDA:3,(anonymous_1)
FNDA:1,(anonymous_2)
DA:1,1
DA:5,1
DA:6,1
DA:15,1
DA:17,1
DA:24,3
DA:31,1
LF:7
LH:7
BRF:0
BRH:0
end_of_record
TN:
SF:src/ejercicio1/starwars.ts
FN:14,(anonymous_0)
FN:22,(anonymous_1)
FNF:2
FNH:2
FNDA:1,(anonymous_0)
FNDA:3,(anonymous_1)
DA:1,1
DA:5,1
DA:6,1
DA:16,1
DA:23,3
LF:5
LH:5
BRF:0
BRH:0
end_of_record
TN:
SF:src/ejercicio2/basicstreamablecollection.ts
FN:11,(anonymous_0)
FN:16,(anonymous_1)
FNF:2
FNH:2
FNDA:3,(anonymous_0)
FNDA:1,(anonymous_1)
DA:5,1
DA:11,3
DA:17,1
LF:3
LH:3
BRF:0
BRH:0
end_of_record
TN:
SF:src/ejercicio2/documental.ts
FN:19,(anonymous_0)
FN:26,(anonymous_1)
FN:35,(anonymous_2)
FN:39,(anonymous_3)
FN:42,(anonymous_4)
FN:45,(anonymous_5)
FN:48,(anonymous_6)
FNF:7
FNH:7
FNDA:1,(anonymous_0)
FNDA:4,(anonymous_1)
FNDA:4,(anonymous_2)
FNDA:1,(anonymous_3)
FNDA:1,(anonymous_4)
FNDA:1,(anonymous_5)
FNDA:1,(anonymous_6)
DA:1,1
DA:14,1
DA:19,1
DA:20,1
DA:27,4
DA:36,4
DA:37,4
DA:39,1
DA:40,1
DA:42,1
DA:43,1
DA:45,1
DA:46,1
DA:48,1
DA:49,1
DA:50,1
DA:52,0
DA:54,4
LF:18
LH:17
BRDA:37,0,0,1
BRDA:37,0,1,1
BRDA:37,0,2,1
BRDA:37,0,3,1
BRDA:37,0,4,0
BRF:5
BRH:4
end_of_record
TN:
SF:src/ejercicio2/pelicula.ts
FN:19,(anonymous_0)
FN:26,(anonymous_1)
FN:35,(anonymous_2)
FN:39,(anonymous_3)
FN:42,(anonymous_4)
FN:45,(anonymous_5)
FN:48,(anonymous_6)
FNF:7
FNH:7
FNDA:1,(anonymous_0)
FNDA:5,(anonymous_1)
FNDA:5,(anonymous_2)
FNDA:2,(anonymous_3)
FNDA:2,(anonymous_4)
FNDA:2,(anonymous_5)
FNDA:2,(anonymous_6)
DA:1,1
DA:14,1
DA:19,1
DA:20,1
DA:27,5
DA:36,5
DA:37,5
DA:39,2
DA:40,1
DA:42,2
DA:43,1
DA:45,2
DA:46,1
DA:48,1
DA:49,2
DA:50,1
DA:52,1
DA:54,5
LF:18
LH:18
BRDA:37,0,0,1
BRDA:37,0,1,1
BRDA:37,0,2,1
BRDA:37,0,3,1
BRDA:37,0,4,1
BRF:5
BRH:5
end_of_record
TN:
SF:src/ejercicio2/serie.ts
FN:20,(anonymous_0)
FN:27,(anonymous_1)
FN:36,(anonymous_2)
FN:40,(anonymous_3)
FN:43,(anonymous_4)
FN:46,(anonymous_5)
FN:49,(anonymous_6)
FN:52,(anonymous_7)
FNF:8
FNH:8
FNDA:1,(anonymous_0)
FNDA:5,(anonymous_1)
FNDA:5,(anonymous_2)
FNDA:2,(anonymous_3)
FNDA:2,(anonymous_4)
FNDA:2,(anonymous_5)
FNDA:2,(anonymous_6)
FNDA:2,(anonymous_7)
DA:1,1
DA:15,1
DA:20,1
DA:21,1
DA:28,5
DA:37,5
DA:38,5
DA:40,2
DA:41,1
DA:43,2
DA:44,1
DA:46,2
DA:47,1
DA:49,2
DA:50,1
DA:52,1
DA:53,2
DA:54,1
DA:56,0
DA:58,5
LF:20
LH:19
BRDA:38,0,0,1
BRDA:38,0,1,1
BRDA:38,0,2,1
BRDA:38,0,3,1
BRDA:38,0,4,1
BRDA:38,0,5,0
BRF:6
BRH:5
end_of_record
